{"/home/travis/build/npmtest/node-npmtest-coinbase-exchange/test.js":{"path":"/home/travis/build/npmtest/node-npmtest-coinbase-exchange/test.js","s":{"1":2,"2":2,"3":2,"4":2,"5":2,"6":2,"7":2,"8":1,"9":2,"10":2,"11":1,"12":1,"13":1,"14":1,"15":2,"16":2,"17":2,"18":2,"19":1,"20":1,"21":2,"22":2,"23":2,"24":1,"25":1,"26":1,"27":1,"28":1,"29":1,"30":1,"31":1,"32":1,"33":1,"34":1,"35":1,"36":1,"37":1,"38":1,"39":2,"40":2,"41":1,"42":2,"43":2,"44":1,"45":2,"46":2,"47":1,"48":2,"49":2,"50":1,"51":1,"52":1,"53":1,"54":1},"b":{"1":[2,1,1,1],"2":[1,1,1,1],"3":[1,1],"4":[1,1],"5":[1,1],"6":[1,1],"7":[1,1],"8":[1,1],"9":[1,1],"10":[1,1,1],"11":[1,1],"12":[1,1],"13":[1,1],"14":[1,1],"15":[1,1],"16":[1,1],"17":[1,1]},"f":{"1":2,"2":2,"3":2,"4":2,"5":2,"6":1,"7":1,"8":1,"9":2,"10":2,"11":2,"12":2,"13":1},"fnMap":{"1":{"name":"(anonymous_1)","line":12,"loc":{"start":{"line":12,"column":1},"end":{"line":12,"column":13}}},"2":{"name":"(anonymous_2)","line":19,"loc":{"start":{"line":19,"column":5},"end":{"line":19,"column":17}}},"3":{"name":"(anonymous_3)","line":23,"loc":{"start":{"line":23,"column":24},"end":{"line":23,"column":36}}},"4":{"name":"(anonymous_4)","line":61,"loc":{"start":{"line":61,"column":5},"end":{"line":61,"column":17}}},"5":{"name":"(anonymous_5)","line":82,"loc":{"start":{"line":82,"column":5},"end":{"line":82,"column":17}}},"6":{"name":"(anonymous_6)","line":91,"loc":{"start":{"line":91,"column":77},"end":{"line":94,"column":10}}},"7":{"name":"(anonymous_7)","line":112,"loc":{"start":{"line":112,"column":83},"end":{"line":115,"column":10}},"skip":true},"8":{"name":"(anonymous_8)","line":123,"loc":{"start":{"line":123,"column":77},"end":{"line":126,"column":10}},"skip":true},"9":{"name":"(anonymous_9)","line":139,"loc":{"start":{"line":139,"column":12},"end":{"line":139,"column":40}},"skip":true},"10":{"name":"(anonymous_10)","line":147,"loc":{"start":{"line":147,"column":77},"end":{"line":150,"column":10}},"skip":true},"11":{"name":"(anonymous_11)","line":158,"loc":{"start":{"line":158,"column":83},"end":{"line":161,"column":10}},"skip":true},"12":{"name":"(anonymous_12)","line":169,"loc":{"start":{"line":169,"column":79},"end":{"line":172,"column":10}},"skip":true},"13":{"name":"(anonymous_13)","line":180,"loc":{"start":{"line":180,"column":75},"end":{"line":183,"column":10}},"skip":true}},"statementMap":{"1":{"start":{"line":12,"column":0},"end":{"line":195,"column":5}},"2":{"start":{"line":14,"column":4},"end":{"line":14,"column":14}},"3":{"start":{"line":19,"column":4},"end":{"line":56,"column":9}},"4":{"start":{"line":21,"column":8},"end":{"line":21,"column":19}},"5":{"start":{"line":23,"column":8},"end":{"line":35,"column":13}},"6":{"start":{"line":24,"column":12},"end":{"line":34,"column":13}},"7":{"start":{"line":25,"column":16},"end":{"line":28,"column":30}},"8":{"start":{"line":30,"column":16},"end":{"line":33,"column":27}},"9":{"start":{"line":37,"column":8},"end":{"line":39,"column":21}},"10":{"start":{"line":40,"column":8},"end":{"line":53,"column":9}},"11":{"start":{"line":43,"column":12},"end":{"line":46,"column":14}},"12":{"start":{"line":47,"column":12},"end":{"line":47,"column":18}},"13":{"start":{"line":50,"column":12},"end":{"line":51,"column":46}},"14":{"start":{"line":52,"column":12},"end":{"line":52,"column":18}},"15":{"start":{"line":55,"column":8},"end":{"line":55,"column":35}},"16":{"start":{"line":61,"column":4},"end":{"line":63,"column":9}},"17":{"start":{"line":62,"column":8},"end":{"line":62,"column":15}},"18":{"start":{"line":64,"column":4},"end":{"line":77,"column":5}},"19":{"start":{"line":70,"column":8},"end":{"line":70,"column":14}},"20":{"start":{"line":76,"column":8},"end":{"line":76,"column":14}},"21":{"start":{"line":82,"column":4},"end":{"line":84,"column":9}},"22":{"start":{"line":83,"column":8},"end":{"line":83,"column":15}},"23":{"start":{"line":85,"column":4},"end":{"line":194,"column":5}},"24":{"start":{"line":91,"column":8},"end":{"line":99,"column":10}},"25":{"start":{"line":98,"column":12},"end":{"line":98,"column":35}},"26":{"start":{"line":102,"column":8},"end":{"line":104,"column":63}},"27":{"start":{"line":105,"column":8},"end":{"line":105,"column":14}},"28":{"start":{"line":112,"column":8},"end":{"line":121,"column":10},"skip":true},"29":{"start":{"line":119,"column":12},"end":{"line":119,"column":55},"skip":true},"30":{"start":{"line":120,"column":12},"end":{"line":120,"column":48},"skip":true},"31":{"start":{"line":123,"column":8},"end":{"line":136,"column":10},"skip":true},"32":{"start":{"line":130,"column":12},"end":{"line":130,"column":76},"skip":true},"33":{"start":{"line":131,"column":12},"end":{"line":131,"column":73},"skip":true},"34":{"start":{"line":132,"column":12},"end":{"line":132,"column":74},"skip":true},"35":{"start":{"line":133,"column":12},"end":{"line":133,"column":79},"skip":true},"36":{"start":{"line":134,"column":12},"end":{"line":134,"column":25},"skip":true},"37":{"start":{"line":135,"column":12},"end":{"line":135,"column":45},"skip":true},"38":{"start":{"line":138,"column":8},"end":{"line":145,"column":14},"skip":true},"39":{"start":{"line":143,"column":16},"end":{"line":143,"column":29},"skip":true},"40":{"start":{"line":144,"column":16},"end":{"line":144,"column":55},"skip":true},"41":{"start":{"line":147,"column":8},"end":{"line":156,"column":10},"skip":true},"42":{"start":{"line":154,"column":12},"end":{"line":154,"column":25},"skip":true},"43":{"start":{"line":155,"column":12},"end":{"line":155,"column":45},"skip":true},"44":{"start":{"line":158,"column":8},"end":{"line":167,"column":10},"skip":true},"45":{"start":{"line":165,"column":12},"end":{"line":165,"column":25},"skip":true},"46":{"start":{"line":166,"column":12},"end":{"line":166,"column":48},"skip":true},"47":{"start":{"line":169,"column":8},"end":{"line":178,"column":10},"skip":true},"48":{"start":{"line":176,"column":12},"end":{"line":176,"column":25},"skip":true},"49":{"start":{"line":177,"column":12},"end":{"line":177,"column":46},"skip":true},"50":{"start":{"line":180,"column":8},"end":{"line":189,"column":10},"skip":true},"51":{"start":{"line":187,"column":12},"end":{"line":187,"column":94},"skip":true},"52":{"start":{"line":188,"column":12},"end":{"line":188,"column":48},"skip":true},"53":{"start":{"line":192,"column":8},"end":{"line":192,"column":35},"skip":true},"54":{"start":{"line":193,"column":8},"end":{"line":193,"column":14},"skip":true}},"branchMap":{"1":{"line":25,"type":"binary-expr","locations":[{"start":{"line":25,"column":23},"end":{"line":25,"column":62}},{"start":{"line":26,"column":20},"end":{"line":26,"column":70}},{"start":{"line":27,"column":20},"end":{"line":27,"column":71}},{"start":{"line":28,"column":20},"end":{"line":28,"column":29}}]},"2":{"line":30,"type":"binary-expr","locations":[{"start":{"line":30,"column":23},"end":{"line":30,"column":37}},{"start":{"line":31,"column":20},"end":{"line":31,"column":61}},{"start":{"line":32,"column":20},"end":{"line":32,"column":70}},{"start":{"line":33,"column":20},"end":{"line":33,"column":26}}]},"3":{"line":37,"type":"cond-expr","locations":[{"start":{"line":38,"column":14},"end":{"line":38,"column":20}},{"start":{"line":39,"column":14},"end":{"line":39,"column":20}}]},"4":{"line":40,"type":"switch","locations":[{"start":{"line":42,"column":8},"end":{"line":47,"column":18}},{"start":{"line":49,"column":8},"end":{"line":52,"column":18}}]},"5":{"line":44,"type":"binary-expr","locations":[{"start":{"line":44,"column":16},"end":{"line":44,"column":44}},{"start":{"line":44,"column":48},"end":{"line":44,"column":66}}]},"6":{"line":50,"type":"binary-expr","locations":[{"start":{"line":50,"column":21},"end":{"line":50,"column":49}},{"start":{"line":50,"column":53},"end":{"line":50,"column":72}}]},"7":{"line":64,"type":"switch","locations":[{"start":{"line":69,"column":4},"end":{"line":70,"column":14}},{"start":{"line":75,"column":4},"end":{"line":76,"column":14}}]},"8":{"line":85,"type":"switch","locations":[{"start":{"line":90,"column":4},"end":{"line":105,"column":14}},{"start":{"line":111,"column":4},"end":{"line":193,"column":14},"skip":true}]},"9":{"line":91,"type":"binary-expr","locations":[{"start":{"line":91,"column":42},"end":{"line":91,"column":73}},{"start":{"line":91,"column":77},"end":{"line":99,"column":9}}]},"10":{"line":102,"type":"binary-expr","locations":[{"start":{"line":102,"column":18},"end":{"line":102,"column":32}},{"start":{"line":103,"column":12},"end":{"line":103,"column":53}},{"start":{"line":104,"column":12},"end":{"line":104,"column":61}}]},"11":{"line":112,"type":"binary-expr","locations":[{"start":{"line":112,"column":45},"end":{"line":112,"column":79},"skip":true},{"start":{"line":112,"column":83},"end":{"line":121,"column":9},"skip":true}]},"12":{"line":123,"type":"binary-expr","locations":[{"start":{"line":123,"column":42},"end":{"line":123,"column":73},"skip":true},{"start":{"line":123,"column":77},"end":{"line":136,"column":9},"skip":true}]},"13":{"line":138,"type":"binary-expr","locations":[{"start":{"line":138,"column":48},"end":{"line":138,"column":85},"skip":true},{"start":{"line":139,"column":12},"end":{"line":145,"column":13},"skip":true}]},"14":{"line":147,"type":"binary-expr","locations":[{"start":{"line":147,"column":42},"end":{"line":147,"column":73},"skip":true},{"start":{"line":147,"column":77},"end":{"line":156,"column":9},"skip":true}]},"15":{"line":158,"type":"binary-expr","locations":[{"start":{"line":158,"column":45},"end":{"line":158,"column":79},"skip":true},{"start":{"line":158,"column":83},"end":{"line":167,"column":9},"skip":true}]},"16":{"line":169,"type":"binary-expr","locations":[{"start":{"line":169,"column":43},"end":{"line":169,"column":75},"skip":true},{"start":{"line":169,"column":79},"end":{"line":178,"column":9},"skip":true}]},"17":{"line":180,"type":"binary-expr","locations":[{"start":{"line":180,"column":41},"end":{"line":180,"column":71},"skip":true},{"start":{"line":180,"column":75},"end":{"line":189,"column":9},"skip":true}]}},"code":["/* istanbul instrument in package npmtest_coinbase_exchange */","/*jslint","    bitwise: true,","    browser: true,","    maxerr: 8,","    maxlen: 96,","    node: true,","    nomen: true,","    regexp: true,","    stupid: true","*/","(function () {","    'use strict';","    var local;","","","","    // run shared js-env code - pre-init","    (function () {","        // init local","        local = {};","        // init modeJs","        local.modeJs = (function () {","            try {","                return typeof navigator.userAgent === 'string' &&","                    typeof document.querySelector('body') === 'object' &&","                    typeof XMLHttpRequest.prototype.open === 'function' &&","                    'browser';","            } catch (errorCaughtBrowser) {","                return module.exports &&","                    typeof process.versions.node === 'string' &&","                    typeof require('http').createServer === 'function' &&","                    'node';","            }","        }());","        // init global","        local.global = local.modeJs === 'browser'","            ? window","            : global;","        switch (local.modeJs) {","        // re-init local from window.local","        case 'browser':","            local = local.global.utility2.objectSetDefault(","                local.global.utility2_rollup || local.global.local,","                local.global.utility2","            );","            break;","        // re-init local from example.js","        case 'node':","            local = (local.global.utility2_rollup || require('utility2'))","                .requireExampleJsFromReadme();","            break;","        }","        // export local","        local.global.local = local;","    }());","","","","    // run shared js-env code - function","    (function () {","        return;","    }());","    switch (local.modeJs) {","","","","    // run browser js-env code - function","    case 'browser':","        break;","","","","    // run node js-env code - function","    case 'node':","        break;","    }","","","","    // run shared js-env code - post-init","    (function () {","        return;","    }());","    switch (local.modeJs) {","","","","    // run browser js-env code - post-init","    case 'browser':","        local.testCase_browser_nullCase = local.testCase_browser_nullCase || function (","            options,","            onError","        ) {","        /*","         * this function will test browsers's null-case handling-behavior-behavior","         */","            onError(null, options);","        };","","        // run tests","        local.nop(local.modeTest &&","            document.querySelector('#testRunButton1') &&","            document.querySelector('#testRunButton1').click());","        break;","","","","    // run node js-env code - post-init","    /* istanbul ignore next */","    case 'node':","        local.testCase_buildApidoc_default = local.testCase_buildApidoc_default || function (","            options,","            onError","        ) {","        /*","         * this function will test buildApidoc's default handling-behavior-behavior","         */","            options = { modulePathList: module.paths };","            local.buildApidoc(options, onError);","        };","","        local.testCase_buildApp_default = local.testCase_buildApp_default || function (","            options,","            onError","        ) {","        /*","         * this function will test buildApp's default handling-behavior-behavior","         */","            local.testCase_buildReadme_default(options, local.onErrorThrow);","            local.testCase_buildLib_default(options, local.onErrorThrow);","            local.testCase_buildTest_default(options, local.onErrorThrow);","            local.testCase_buildCustomOrg_default(options, local.onErrorThrow);","            options = [];","            local.buildApp(options, onError);","        };","","        local.testCase_buildCustomOrg_default = local.testCase_buildCustomOrg_default ||","            function (options, onError) {","            /*","             * this function will test buildCustomOrg's default handling-behavior","             */","                options = {};","                local.buildCustomOrg(options, onError);","            };","","        local.testCase_buildLib_default = local.testCase_buildLib_default || function (","            options,","            onError","        ) {","        /*","         * this function will test buildLib's default handling-behavior","         */","            options = {};","            local.buildLib(options, onError);","        };","","        local.testCase_buildReadme_default = local.testCase_buildReadme_default || function (","            options,","            onError","        ) {","        /*","         * this function will test buildReadme's default handling-behavior-behavior","         */","            options = {};","            local.buildReadme(options, onError);","        };","","        local.testCase_buildTest_default = local.testCase_buildTest_default || function (","            options,","            onError","        ) {","        /*","         * this function will test buildTest's default handling-behavior","         */","            options = {};","            local.buildTest(options, onError);","        };","","        local.testCase_webpage_default = local.testCase_webpage_default || function (","            options,","            onError","        ) {","        /*","         * this function will test webpage's default handling-behavior","         */","            options = { modeCoverageMerge: true, url: local.serverLocalHost + '?modeTest=1' };","            local.browserTest(options, onError);","        };","","        // run test-server","        local.testRunServer(local);","        break;","    }","}());",""],"l":{"12":2,"14":2,"19":2,"21":2,"23":2,"24":2,"25":2,"30":1,"37":2,"40":2,"43":1,"47":1,"50":1,"52":1,"55":2,"61":2,"62":2,"64":2,"70":1,"76":1,"82":2,"83":2,"85":2,"91":1,"98":1,"102":1,"105":1,"112":1,"119":1,"120":1,"123":1,"130":1,"131":1,"132":1,"133":1,"134":1,"135":1,"138":1,"143":2,"144":2,"147":1,"154":2,"155":2,"158":1,"165":2,"166":2,"169":1,"176":2,"177":2,"180":1,"187":1,"188":1,"192":1,"193":1}},"/home/travis/build/npmtest/node-npmtest-coinbase-exchange/lib.npmtest_coinbase_exchange.js":{"path":"/home/travis/build/npmtest/node-npmtest-coinbase-exchange/lib.npmtest_coinbase_exchange.js","s":{"1":2,"2":2,"3":2,"4":2,"5":2,"6":2,"7":2,"8":1,"9":2,"10":2,"11":2,"12":2,"13":1,"14":1,"15":1,"16":1},"b":{"1":[2,1,1,1],"2":[1,1,1,1],"3":[1,1],"4":[2,2],"5":[1,1]},"f":{"1":2,"2":2,"3":2},"fnMap":{"1":{"name":"(anonymous_1)","line":12,"loc":{"start":{"line":12,"column":1},"end":{"line":12,"column":13}}},"2":{"name":"(anonymous_2)","line":19,"loc":{"start":{"line":19,"column":5},"end":{"line":19,"column":17}}},"3":{"name":"(anonymous_3)","line":23,"loc":{"start":{"line":23,"column":24},"end":{"line":23,"column":36}}}},"statementMap":{"1":{"start":{"line":12,"column":0},"end":{"line":53,"column":5}},"2":{"start":{"line":14,"column":4},"end":{"line":14,"column":14}},"3":{"start":{"line":19,"column":4},"end":{"line":52,"column":9}},"4":{"start":{"line":21,"column":8},"end":{"line":21,"column":19}},"5":{"start":{"line":23,"column":8},"end":{"line":35,"column":13}},"6":{"start":{"line":24,"column":12},"end":{"line":34,"column":13}},"7":{"start":{"line":25,"column":16},"end":{"line":28,"column":30}},"8":{"start":{"line":30,"column":16},"end":{"line":33,"column":27}},"9":{"start":{"line":37,"column":8},"end":{"line":39,"column":21}},"10":{"start":{"line":41,"column":8},"end":{"line":41,"column":54}},"11":{"start":{"line":43,"column":8},"end":{"line":43,"column":62}},"12":{"start":{"line":45,"column":8},"end":{"line":51,"column":9}},"13":{"start":{"line":46,"column":12},"end":{"line":46,"column":68}},"14":{"start":{"line":48,"column":12},"end":{"line":48,"column":35}},"15":{"start":{"line":49,"column":12},"end":{"line":49,"column":49}},"16":{"start":{"line":50,"column":12},"end":{"line":50,"column":43}}},"branchMap":{"1":{"line":25,"type":"binary-expr","locations":[{"start":{"line":25,"column":23},"end":{"line":25,"column":62}},{"start":{"line":26,"column":20},"end":{"line":26,"column":70}},{"start":{"line":27,"column":20},"end":{"line":27,"column":71}},{"start":{"line":28,"column":20},"end":{"line":28,"column":29}}]},"2":{"line":30,"type":"binary-expr","locations":[{"start":{"line":30,"column":23},"end":{"line":30,"column":37}},{"start":{"line":31,"column":20},"end":{"line":31,"column":61}},{"start":{"line":32,"column":20},"end":{"line":32,"column":70}},{"start":{"line":33,"column":20},"end":{"line":33,"column":26}}]},"3":{"line":37,"type":"cond-expr","locations":[{"start":{"line":38,"column":14},"end":{"line":38,"column":20}},{"start":{"line":39,"column":14},"end":{"line":39,"column":20}}]},"4":{"line":41,"type":"binary-expr","locations":[{"start":{"line":41,"column":16},"end":{"line":41,"column":44}},{"start":{"line":41,"column":48},"end":{"line":41,"column":53}}]},"5":{"line":45,"type":"if","locations":[{"start":{"line":45,"column":8},"end":{"line":45,"column":8}},{"start":{"line":45,"column":8},"end":{"line":45,"column":8}}]}},"code":["/* istanbul instrument in package npmtest_coinbase_exchange */","/*jslint","    bitwise: true,","    browser: true,","    maxerr: 8,","    maxlen: 96,","    node: true,","    nomen: true,","    regexp: true,","    stupid: true","*/","(function () {","    'use strict';","    var local;","","","","    // run shared js-env code - pre-init","    (function () {","        // init local","        local = {};","        // init modeJs","        local.modeJs = (function () {","            try {","                return typeof navigator.userAgent === 'string' &&","                    typeof document.querySelector('body') === 'object' &&","                    typeof XMLHttpRequest.prototype.open === 'function' &&","                    'browser';","            } catch (errorCaughtBrowser) {","                return module.exports &&","                    typeof process.versions.node === 'string' &&","                    typeof require('http').createServer === 'function' &&","                    'node';","            }","        }());","        // init global","        local.global = local.modeJs === 'browser'","            ? window","            : global;","        // init utility2_rollup","        local = local.global.utility2_rollup || local;","        // init lib","        local.local = local.npmtest_coinbase_exchange = local;","        // init exports","        if (local.modeJs === 'browser') {","            local.global.utility2_npmtest_coinbase_exchange = local;","        } else {","            module.exports = local;","            module.exports.__dirname = __dirname;","            module.exports.module = module;","        }","    }());","}());",""],"l":{"12":2,"14":2,"19":2,"21":2,"23":2,"24":2,"25":2,"30":1,"37":2,"41":2,"43":2,"45":2,"46":1,"48":1,"49":1,"50":1}},"/home/travis/build/npmtest/node-npmtest-coinbase-exchange/example.js":{"path":"/home/travis/build/npmtest/node-npmtest-coinbase-exchange/example.js","s":{"1":2,"2":2,"3":2,"4":2,"5":2,"6":2,"7":2,"8":1,"9":2,"10":2,"11":2,"12":2,"13":1,"14":2,"15":2,"16":2,"17":2,"18":2,"19":0,"20":2,"21":1,"22":1,"23":1,"24":1,"25":1,"26":0,"27":0,"28":1,"29":1,"30":2,"31":0,"32":0,"33":0,"34":1,"35":2,"36":2,"37":3,"38":3,"39":3,"40":3,"41":0,"42":3,"43":3,"44":3,"45":1,"46":3,"47":1,"48":1,"49":1,"50":1,"51":1,"52":1,"53":1,"54":1,"55":1,"56":1,"57":0,"58":1,"59":6,"60":6,"61":1,"62":2,"63":0,"64":2,"65":1,"66":1,"67":0,"68":0,"69":0,"70":0,"71":0,"72":0,"73":0,"74":0,"75":0,"76":0,"77":0,"78":0,"79":0,"80":0,"81":0,"82":0,"83":0},"b":{"1":[2,1,1,1],"2":[1,1,1,1],"3":[1,1],"4":[2,2],"5":[1,1],"6":[1,1],"7":[2,0],"8":[2,1,1,1,1,1],"9":[0,2,0],"10":[1,1],"11":[2,1,1],"12":[1,0],"13":[0,2],"14":[2,0,0,0,0,0,0],"15":[0,3],"16":[3,0],"17":[1,1],"18":[0,1],"19":[1,2,0,2],"20":[1,0],"21":[1,1],"22":[0,0],"23":[0,0],"24":[0,0],"25":[0,0],"26":[0,0],"27":[0,0],"28":[0,0]},"f":{"1":2,"2":2,"3":2,"4":2,"5":2,"6":2,"7":3,"8":3,"9":3,"10":1,"11":6,"12":0},"fnMap":{"1":{"name":"(anonymous_1)","line":26,"loc":{"start":{"line":26,"column":1},"end":{"line":26,"column":13}}},"2":{"name":"(anonymous_2)","line":33,"loc":{"start":{"line":33,"column":5},"end":{"line":33,"column":17}}},"3":{"name":"(anonymous_3)","line":37,"loc":{"start":{"line":37,"column":24},"end":{"line":37,"column":36}}},"4":{"name":"(anonymous_4)","line":69,"loc":{"start":{"line":69,"column":31},"end":{"line":69,"column":48}},"skip":true},"5":{"name":"(anonymous_5)","line":78,"loc":{"start":{"line":78,"column":26},"end":{"line":78,"column":45}},"skip":true},"6":{"name":"(anonymous_6)","line":123,"loc":{"start":{"line":123,"column":33},"end":{"line":123,"column":48}},"skip":true},"7":{"name":"(anonymous_7)","line":125,"loc":{"start":{"line":125,"column":27},"end":{"line":125,"column":39}},"skip":true},"8":{"name":"(anonymous_8)","line":133,"loc":{"start":{"line":133,"column":59},"end":{"line":133,"column":74}},"skip":true},"9":{"name":"(anonymous_9)","line":143,"loc":{"start":{"line":143,"column":45},"end":{"line":143,"column":62}},"skip":true},"10":{"name":"(anonymous_10)","line":144,"loc":{"start":{"line":144,"column":73},"end":{"line":144,"column":92}},"skip":true},"11":{"name":"(anonymous_11)","line":272,"loc":{"start":{"line":272,"column":51},"end":{"line":272,"column":77}},"skip":true},"12":{"name":"(anonymous_12)","line":315,"loc":{"start":{"line":315,"column":32},"end":{"line":315,"column":61}},"skip":true}},"statementMap":{"1":{"start":{"line":26,"column":0},"end":{"line":326,"column":5}},"2":{"start":{"line":28,"column":4},"end":{"line":28,"column":14}},"3":{"start":{"line":33,"column":4},"end":{"line":60,"column":9}},"4":{"start":{"line":35,"column":8},"end":{"line":35,"column":19}},"5":{"start":{"line":37,"column":8},"end":{"line":49,"column":13}},"6":{"start":{"line":38,"column":12},"end":{"line":48,"column":13}},"7":{"start":{"line":39,"column":16},"end":{"line":42,"column":30}},"8":{"start":{"line":44,"column":16},"end":{"line":47,"column":27}},"9":{"start":{"line":51,"column":8},"end":{"line":53,"column":21}},"10":{"start":{"line":55,"column":8},"end":{"line":57,"column":45}},"11":{"start":{"line":59,"column":8},"end":{"line":59,"column":35}},"12":{"start":{"line":61,"column":4},"end":{"line":325,"column":5}},"13":{"start":{"line":69,"column":8},"end":{"line":121,"column":10},"skip":true},"14":{"start":{"line":70,"column":12},"end":{"line":88,"column":13},"skip":true},"15":{"start":{"line":76,"column":16},"end":{"line":87,"column":19},"skip":true},"16":{"start":{"line":79,"column":20},"end":{"line":86,"column":21},"skip":true},"17":{"start":{"line":82,"column":24},"end":{"line":82,"column":43},"skip":true},"18":{"start":{"line":83,"column":24},"end":{"line":83,"column":30},"skip":true},"19":{"start":{"line":85,"column":24},"end":{"line":85,"column":49},"skip":true},"20":{"start":{"line":89,"column":12},"end":{"line":107,"column":13},"skip":true},"21":{"start":{"line":92,"column":16},"end":{"line":102,"column":17},"skip":true},"22":{"start":{"line":93,"column":20},"end":{"line":93,"column":86},"skip":true},"23":{"start":{"line":94,"column":20},"end":{"line":95,"column":45},"skip":true},"24":{"start":{"line":96,"column":20},"end":{"line":96,"column":42},"skip":true},"25":{"start":{"line":97,"column":20},"end":{"line":97,"column":48},"skip":true},"26":{"start":{"line":100,"column":20},"end":{"line":100,"column":85},"skip":true},"27":{"start":{"line":101,"column":20},"end":{"line":101,"column":96},"skip":true},"28":{"start":{"line":103,"column":16},"end":{"line":103,"column":22},"skip":true},"29":{"start":{"line":106,"column":16},"end":{"line":106,"column":22},"skip":true},"30":{"start":{"line":108,"column":12},"end":{"line":120,"column":13},"skip":true},"31":{"start":{"line":114,"column":16},"end":{"line":119,"column":17},"skip":true},"32":{"start":{"line":116,"column":20},"end":{"line":116,"column":78},"skip":true},"33":{"start":{"line":118,"column":20},"end":{"line":118,"column":47},"skip":true},"34":{"start":{"line":123,"column":8},"end":{"line":141,"column":11},"skip":true},"35":{"start":{"line":124,"column":12},"end":{"line":124,"column":54},"skip":true},"36":{"start":{"line":125,"column":12},"end":{"line":140,"column":14},"skip":true},"37":{"start":{"line":126,"column":16},"end":{"line":126,"column":28},"skip":true},"38":{"start":{"line":127,"column":16},"end":{"line":127,"column":69},"skip":true},"39":{"start":{"line":128,"column":16},"end":{"line":128,"column":75},"skip":true},"40":{"start":{"line":129,"column":16},"end":{"line":131,"column":17},"skip":true},"41":{"start":{"line":130,"column":20},"end":{"line":130,"column":27},"skip":true},"42":{"start":{"line":133,"column":16},"end":{"line":137,"column":36},"skip":true},"43":{"start":{"line":134,"column":20},"end":{"line":136,"column":55},"skip":true},"44":{"start":{"line":139,"column":16},"end":{"line":139,"column":57},"skip":true},"45":{"start":{"line":143,"column":8},"end":{"line":147,"column":11},"skip":true},"46":{"start":{"line":144,"column":12},"end":{"line":146,"column":15},"skip":true},"47":{"start":{"line":145,"column":16},"end":{"line":145,"column":70},"skip":true},"48":{"start":{"line":149,"column":8},"end":{"line":149,"column":31},"skip":true},"49":{"start":{"line":150,"column":8},"end":{"line":150,"column":14},"skip":true},"50":{"start":{"line":158,"column":8},"end":{"line":158,"column":31},"skip":true},"51":{"start":{"line":160,"column":8},"end":{"line":160,"column":33},"skip":true},"52":{"start":{"line":161,"column":8},"end":{"line":161,"column":37},"skip":true},"53":{"start":{"line":162,"column":8},"end":{"line":162,"column":35},"skip":true},"54":{"start":{"line":164,"column":8},"end":{"line":164,"column":50},"skip":true},"55":{"start":{"line":166,"column":8},"end":{"line":256,"column":2},"skip":true},"56":{"start":{"line":258,"column":8},"end":{"line":286,"column":9},"skip":true},"57":{"start":{"line":259,"column":12},"end":{"line":269,"column":14},"skip":true},"58":{"start":{"line":271,"column":12},"end":{"line":285,"column":19},"skip":true},"59":{"start":{"line":274,"column":20},"end":{"line":274,"column":35},"skip":true},"60":{"start":{"line":275,"column":20},"end":{"line":284,"column":21},"skip":true},"61":{"start":{"line":277,"column":24},"end":{"line":277,"column":64},"skip":true},"62":{"start":{"line":279,"column":24},"end":{"line":279,"column":40},"skip":true},"63":{"start":{"line":281,"column":24},"end":{"line":281,"column":40},"skip":true},"64":{"start":{"line":283,"column":24},"end":{"line":283,"column":39},"skip":true},"65":{"start":{"line":288,"column":8},"end":{"line":290,"column":9},"skip":true},"66":{"start":{"line":289,"column":12},"end":{"line":289,"column":18},"skip":true},"67":{"start":{"line":291,"column":8},"end":{"line":293,"column":54},"skip":true},"68":{"start":{"line":296,"column":8},"end":{"line":301,"column":37},"skip":true},"69":{"start":{"line":303,"column":8},"end":{"line":303,"column":82},"skip":true},"70":{"start":{"line":306,"column":8},"end":{"line":308,"column":9},"skip":true},"71":{"start":{"line":307,"column":12},"end":{"line":307,"column":82},"skip":true},"72":{"start":{"line":310,"column":8},"end":{"line":312,"column":9},"skip":true},"73":{"start":{"line":311,"column":12},"end":{"line":311,"column":18},"skip":true},"74":{"start":{"line":313,"column":8},"end":{"line":313,"column":54},"skip":true},"75":{"start":{"line":314,"column":8},"end":{"line":314,"column":69},"skip":true},"76":{"start":{"line":315,"column":8},"end":{"line":323,"column":36},"skip":true},"77":{"start":{"line":316,"column":12},"end":{"line":316,"column":61},"skip":true},"78":{"start":{"line":317,"column":12},"end":{"line":320,"column":13},"skip":true},"79":{"start":{"line":318,"column":16},"end":{"line":318,"column":75},"skip":true},"80":{"start":{"line":319,"column":16},"end":{"line":319,"column":23},"skip":true},"81":{"start":{"line":321,"column":12},"end":{"line":321,"column":38},"skip":true},"82":{"start":{"line":322,"column":12},"end":{"line":322,"column":27},"skip":true},"83":{"start":{"line":324,"column":8},"end":{"line":324,"column":14},"skip":true}},"branchMap":{"1":{"line":39,"type":"binary-expr","locations":[{"start":{"line":39,"column":23},"end":{"line":39,"column":62}},{"start":{"line":40,"column":20},"end":{"line":40,"column":70}},{"start":{"line":41,"column":20},"end":{"line":41,"column":71}},{"start":{"line":42,"column":20},"end":{"line":42,"column":29}}]},"2":{"line":44,"type":"binary-expr","locations":[{"start":{"line":44,"column":23},"end":{"line":44,"column":37}},{"start":{"line":45,"column":20},"end":{"line":45,"column":61}},{"start":{"line":46,"column":20},"end":{"line":46,"column":70}},{"start":{"line":47,"column":20},"end":{"line":47,"column":26}}]},"3":{"line":51,"type":"cond-expr","locations":[{"start":{"line":52,"column":14},"end":{"line":52,"column":20}},{"start":{"line":53,"column":14},"end":{"line":53,"column":20}}]},"4":{"line":55,"type":"binary-expr","locations":[{"start":{"line":55,"column":16},"end":{"line":55,"column":44}},{"start":{"line":55,"column":49},"end":{"line":57,"column":43}}]},"5":{"line":55,"type":"cond-expr","locations":[{"start":{"line":56,"column":14},"end":{"line":56,"column":61}},{"start":{"line":57,"column":14},"end":{"line":57,"column":43}}]},"6":{"line":61,"type":"switch","locations":[{"start":{"line":68,"column":4},"end":{"line":150,"column":14},"skip":true},{"start":{"line":156,"column":4},"end":{"line":324,"column":14},"skip":true}]},"7":{"line":70,"type":"if","locations":[{"start":{"line":70,"column":12},"end":{"line":70,"column":12},"skip":true},{"start":{"line":70,"column":12},"end":{"line":70,"column":12},"skip":true}]},"8":{"line":70,"type":"binary-expr","locations":[{"start":{"line":70,"column":16},"end":{"line":70,"column":22},"skip":true},{"start":{"line":70,"column":27},"end":{"line":70,"column":32},"skip":true},{"start":{"line":71,"column":20},"end":{"line":71,"column":39},"skip":true},{"start":{"line":72,"column":20},"end":{"line":72,"column":49},"skip":true},{"start":{"line":73,"column":20},"end":{"line":73,"column":58},"skip":true},{"start":{"line":74,"column":20},"end":{"line":74,"column":69},"skip":true}]},"9":{"line":79,"type":"switch","locations":[{"start":{"line":80,"column":20},"end":{"line":80,"column":33},"skip":true},{"start":{"line":81,"column":20},"end":{"line":83,"column":30},"skip":true},{"start":{"line":84,"column":20},"end":{"line":85,"column":49},"skip":true}]},"10":{"line":89,"type":"switch","locations":[{"start":{"line":90,"column":12},"end":{"line":103,"column":22},"skip":true},{"start":{"line":105,"column":12},"end":{"line":106,"column":22},"skip":true}]},"11":{"line":89,"type":"binary-expr","locations":[{"start":{"line":89,"column":20},"end":{"line":89,"column":25},"skip":true},{"start":{"line":89,"column":29},"end":{"line":89,"column":48},"skip":true},{"start":{"line":89,"column":52},"end":{"line":89,"column":74},"skip":true}]},"12":{"line":92,"type":"if","locations":[{"start":{"line":92,"column":16},"end":{"line":92,"column":16},"skip":true},{"start":{"line":92,"column":16},"end":{"line":92,"column":16},"skip":true}]},"13":{"line":108,"type":"if","locations":[{"start":{"line":108,"column":12},"end":{"line":108,"column":12},"skip":true},{"start":{"line":108,"column":12},"end":{"line":108,"column":12},"skip":true}]},"14":{"line":108,"type":"binary-expr","locations":[{"start":{"line":108,"column":16},"end":{"line":108,"column":61},"skip":true},{"start":{"line":108,"column":66},"end":{"line":108,"column":72},"skip":true},{"start":{"line":108,"column":77},"end":{"line":108,"column":82},"skip":true},{"start":{"line":109,"column":20},"end":{"line":109,"column":39},"skip":true},{"start":{"line":110,"column":20},"end":{"line":110,"column":49},"skip":true},{"start":{"line":111,"column":20},"end":{"line":111,"column":58},"skip":true},{"start":{"line":112,"column":20},"end":{"line":112,"column":68},"skip":true}]},"15":{"line":129,"type":"if","locations":[{"start":{"line":129,"column":16},"end":{"line":129,"column":16},"skip":true},{"start":{"line":129,"column":16},"end":{"line":129,"column":16},"skip":true}]},"16":{"line":134,"type":"cond-expr","locations":[{"start":{"line":135,"column":26},"end":{"line":135,"column":29},"skip":true},{"start":{"line":136,"column":26},"end":{"line":136,"column":54},"skip":true}]},"17":{"line":164,"type":"binary-expr","locations":[{"start":{"line":164,"column":27},"end":{"line":164,"column":43},"skip":true},{"start":{"line":164,"column":47},"end":{"line":164,"column":49},"skip":true}]},"18":{"line":258,"type":"if","locations":[{"start":{"line":258,"column":8},"end":{"line":258,"column":8},"skip":true},{"start":{"line":258,"column":8},"end":{"line":258,"column":8},"skip":true}]},"19":{"line":275,"type":"switch","locations":[{"start":{"line":276,"column":20},"end":{"line":277,"column":64},"skip":true},{"start":{"line":278,"column":20},"end":{"line":279,"column":40},"skip":true},{"start":{"line":280,"column":20},"end":{"line":281,"column":40},"skip":true},{"start":{"line":282,"column":20},"end":{"line":283,"column":39},"skip":true}]},"20":{"line":288,"type":"if","locations":[{"start":{"line":288,"column":8},"end":{"line":288,"column":8},"skip":true},{"start":{"line":288,"column":8},"end":{"line":288,"column":8},"skip":true}]},"21":{"line":288,"type":"binary-expr","locations":[{"start":{"line":288,"column":12},"end":{"line":288,"column":40},"skip":true},{"start":{"line":288,"column":44},"end":{"line":288,"column":67},"skip":true}]},"22":{"line":292,"type":"binary-expr","locations":[{"start":{"line":292,"column":12},"end":{"line":292,"column":50},"skip":true},{"start":{"line":293,"column":12},"end":{"line":293,"column":53},"skip":true}]},"23":{"line":297,"type":"binary-expr","locations":[{"start":{"line":297,"column":12},"end":{"line":297,"column":75},"skip":true},{"start":{"line":298,"column":12},"end":{"line":301,"column":36},"skip":true}]},"24":{"line":303,"type":"binary-expr","locations":[{"start":{"line":303,"column":43},"end":{"line":303,"column":75},"skip":true},{"start":{"line":303,"column":79},"end":{"line":303,"column":81},"skip":true}]},"25":{"line":306,"type":"if","locations":[{"start":{"line":306,"column":8},"end":{"line":306,"column":8},"skip":true},{"start":{"line":306,"column":8},"end":{"line":306,"column":8},"skip":true}]},"26":{"line":310,"type":"if","locations":[{"start":{"line":310,"column":8},"end":{"line":310,"column":8},"skip":true},{"start":{"line":310,"column":8},"end":{"line":310,"column":8},"skip":true}]},"27":{"line":313,"type":"binary-expr","locations":[{"start":{"line":313,"column":27},"end":{"line":313,"column":43},"skip":true},{"start":{"line":313,"column":47},"end":{"line":313,"column":53},"skip":true}]},"28":{"line":317,"type":"if","locations":[{"start":{"line":317,"column":12},"end":{"line":317,"column":12},"skip":true},{"start":{"line":317,"column":12},"end":{"line":317,"column":12},"skip":true}]}},"code":["/*","example.js","","quickstart example","","instruction","    1. save this script as example.js","    2. run the shell command:","        $ npm install npmtest-coinbase-exchange && PORT=8081 node example.js","    3. play with the browser-demo on http://127.0.0.1:8081","*/","","","","/* istanbul instrument in package npmtest_coinbase_exchange */","/*jslint","    bitwise: true,","    browser: true,","    maxerr: 8,","    maxlen: 96,","    node: true,","    nomen: true,","    regexp: true,","    stupid: true","*/","(function () {","    'use strict';","    var local;","","","","    // run shared js-env code - pre-init","    (function () {","        // init local","        local = {};","        // init modeJs","        local.modeJs = (function () {","            try {","                return typeof navigator.userAgent === 'string' &&","                    typeof document.querySelector('body') === 'object' &&","                    typeof XMLHttpRequest.prototype.open === 'function' &&","                    'browser';","            } catch (errorCaughtBrowser) {","                return module.exports &&","                    typeof process.versions.node === 'string' &&","                    typeof require('http').createServer === 'function' &&","                    'node';","            }","        }());","        // init global","        local.global = local.modeJs === 'browser'","            ? window","            : global;","        // init utility2_rollup","        local = local.global.utility2_rollup || (local.modeJs === 'browser'","            ? local.global.utility2_npmtest_coinbase_exchange","            : global.utility2_moduleExports);","        // export local","        local.global.local = local;","    }());","    switch (local.modeJs) {","","","","    // post-init","    // run browser js-env code - post-init","    /* istanbul ignore next */","    case 'browser':","        local.testRunBrowser = function (event) {","            if (!event || (event &&","                    event.currentTarget &&","                    event.currentTarget.className &&","                    event.currentTarget.className.includes &&","                    event.currentTarget.className.includes('onreset'))) {","                // reset output","                Array.from(","                    document.querySelectorAll('body > .resettable')","                ).forEach(function (element) {","                    switch (element.tagName) {","                    case 'INPUT':","                    case 'TEXTAREA':","                        element.value = '';","                        break;","                    default:","                        element.textContent = '';","                    }","                });","            }","            switch (event && event.currentTarget && event.currentTarget.id) {","            case 'testRunButton1':","                // show tests","                if (document.querySelector('#testReportDiv1').style.display === 'none') {","                    document.querySelector('#testReportDiv1').style.display = 'block';","                    document.querySelector('#testRunButton1').textContent =","                        'hide internal test';","                    local.modeTest = true;","                    local.testRunDefault(local);","                // hide tests","                } else {","                    document.querySelector('#testReportDiv1').style.display = 'none';","                    document.querySelector('#testRunButton1').textContent = 'run internal test';","                }","                break;","            // custom-case","            default:","                break;","            }","            if (document.querySelector('#inputTextareaEval1') && (!event || (event &&","                    event.currentTarget &&","                    event.currentTarget.className &&","                    event.currentTarget.className.includes &&","                    event.currentTarget.className.includes('oneval')))) {","                // try to eval input-code","                try {","                    /*jslint evil: true*/","                    eval(document.querySelector('#inputTextareaEval1').value);","                } catch (errorCaught) {","                    console.error(errorCaught);","                }","            }","        };","        // log stderr and stdout to #outputTextareaStdout1","        ['error', 'log'].forEach(function (key) {","            console[key + '_original'] = console[key];","            console[key] = function () {","                var element;","                console[key + '_original'].apply(console, arguments);","                element = document.querySelector('#outputTextareaStdout1');","                if (!element) {","                    return;","                }","                // append text to #outputTextareaStdout1","                element.value += Array.from(arguments).map(function (arg) {","                    return typeof arg === 'string'","                        ? arg","                        : JSON.stringify(arg, null, 4);","                }).join(' ') + '\\n';","                // scroll textarea to bottom","                element.scrollTop = element.scrollHeight;","            };","        });","        // init event-handling","        ['change', 'click', 'keyup'].forEach(function (event) {","            Array.from(document.querySelectorAll('.on' + event)).forEach(function (element) {","                element.addEventListener(event, local.testRunBrowser);","            });","        });","        // run tests","        local.testRunBrowser();","        break;","","","","    // run node js-env code - post-init","    /* istanbul ignore next */","    case 'node':","        // export local","        module.exports = local;","        // require modules","        local.fs = require('fs');","        local.http = require('http');","        local.url = require('url');","        // init assets","        local.assetsDict = local.assetsDict || {};","        /* jslint-ignore-begin */","        local.assetsDict['/assets.index.template.html'] = '\\","<!doctype html>\\n\\","<html lang=\"en\">\\n\\","<head>\\n\\","<meta charset=\"UTF-8\">\\n\\","<meta name=\"viewport\" content=\"width=device-width, initial-scale=1\">\\n\\","<title>{{env.npm_package_name}} (v{{env.npm_package_version}})</title>\\n\\","<style>\\n\\","/*csslint\\n\\","    box-sizing: false,\\n\\","    universal-selector: false\\n\\","*/\\n\\","* {\\n\\","    box-sizing: border-box;\\n\\","}\\n\\","body {\\n\\","    background: #dde;\\n\\","    font-family: Arial, Helvetica, sans-serif;\\n\\","    margin: 2rem;\\n\\","}\\n\\","body > * {\\n\\","    margin-bottom: 1rem;\\n\\","}\\n\\",".utility2FooterDiv {\\n\\","    margin-top: 20px;\\n\\","    text-align: center;\\n\\","}\\n\\","</style>\\n\\","<style>\\n\\","/*csslint\\n\\","*/\\n\\","textarea {\\n\\","    font-family: monospace;\\n\\","    height: 10rem;\\n\\","    width: 100%;\\n\\","}\\n\\","textarea[readonly] {\\n\\","    background: #ddd;\\n\\","}\\n\\","</style>\\n\\","</head>\\n\\","<body>\\n\\","<!-- utility2-comment\\n\\","<div id=\"ajaxProgressDiv1\" style=\"background: #d00; height: 2px; left: 0; margin: 0; padding: 0; position: fixed; top: 0; transition: background 0.5s, width 1.5s; width: 25%;\"></div>\\n\\","utility2-comment -->\\n\\","<h1>\\n\\","<!-- utility2-comment\\n\\","    <a\\n\\","        {{#if env.npm_package_homepage}}\\n\\","        href=\"{{env.npm_package_homepage}}\"\\n\\","        {{/if env.npm_package_homepage}}\\n\\","        target=\"_blank\"\\n\\","    >\\n\\","utility2-comment -->\\n\\","        {{env.npm_package_name}} (v{{env.npm_package_version}})\\n\\","<!-- utility2-comment\\n\\","    </a>\\n\\","utility2-comment -->\\n\\","</h1>\\n\\","<h3>{{env.npm_package_description}}</h3>\\n\\","<!-- utility2-comment\\n\\","<h4><a download href=\"assets.app.js\">download standalone app</a></h4>\\n\\","<button class=\"onclick onreset\" id=\"testRunButton1\">run internal test</button><br>\\n\\","<div id=\"testReportDiv1\" style=\"display: none;\"></div>\\n\\","utility2-comment -->\\n\\","\\n\\","\\n\\","\\n\\","<label>stderr and stdout</label>\\n\\","<textarea class=\"resettable\" id=\"outputTextareaStdout1\" readonly></textarea>\\n\\","<!-- utility2-comment\\n\\","{{#if isRollup}}\\n\\","<script src=\"assets.app.js\"></script>\\n\\","{{#unless isRollup}}\\n\\","utility2-comment -->\\n\\","<script src=\"assets.utility2.rollup.js\"></script>\\n\\","<script src=\"jsonp.utility2._stateInit?callback=window.utility2._stateInit\"></script>\\n\\","<script src=\"assets.npmtest_coinbase_exchange.rollup.js\"></script>\\n\\","<script src=\"assets.example.js\"></script>\\n\\","<script src=\"assets.test.js\"></script>\\n\\","<!-- utility2-comment\\n\\","{{/if isRollup}}\\n\\","utility2-comment -->\\n\\","<div class=\"utility2FooterDiv\">\\n\\","    [ this app was created with\\n\\","    <a href=\"https://github.com/kaizhu256/node-utility2\" target=\"_blank\">utility2</a>\\n\\","    ]\\n\\","</div>\\n\\","</body>\\n\\","</html>\\n\\","';","        /* jslint-ignore-end */","        if (local.templateRender) {","            local.assetsDict['/'] = local.templateRender(","                local.assetsDict['/assets.index.template.html'],","                {","                    env: local.objectSetDefault(local.env, {","                        npm_package_description: 'the greatest app in the world!',","                        npm_package_name: 'my-app',","                        npm_package_nameAlias: 'my_app',","                        npm_package_version: '0.0.1'","                    })","                }","            );","        } else {","            local.assetsDict['/'] = local.assetsDict['/assets.index.template.html']","                .replace((/\\{\\{env\\.(\\w+?)\\}\\}/g), function (match0, match1) {","                    // jslint-hack","                    String(match0);","                    switch (match1) {","                    case 'npm_package_description':","                        return 'the greatest app in the world!';","                    case 'npm_package_name':","                        return 'my-app';","                    case 'npm_package_nameAlias':","                        return 'my_app';","                    case 'npm_package_version':","                        return '0.0.1';","                    }","                });","        }","        // run the cli","        if (local.global.utility2_rollup || module !== require.main) {","            break;","        }","        local.assetsDict['/assets.example.js'] =","            local.assetsDict['/assets.example.js'] ||","            local.fs.readFileSync(__filename, 'utf8');","        // bug-workaround - long $npm_package_buildCustomOrg","        /* jslint-ignore-begin */","        local.assetsDict['/assets.npmtest_coinbase_exchange.rollup.js'] =","            local.assetsDict['/assets.npmtest_coinbase_exchange.rollup.js'] ||","            local.fs.readFileSync(","                local.npmtest_coinbase_exchange.__dirname + '/lib.npmtest_coinbase_exchange.js',","                'utf8'","            ).replace((/^#!/), '//');","        /* jslint-ignore-end */","        local.assetsDict['/favicon.ico'] = local.assetsDict['/favicon.ico'] || '';","        // if $npm_config_timeout_exit exists,","        // then exit this process after $npm_config_timeout_exit ms","        if (Number(process.env.npm_config_timeout_exit)) {","            setTimeout(process.exit, Number(process.env.npm_config_timeout_exit));","        }","        // start server","        if (local.global.utility2_serverHttp1) {","            break;","        }","        process.env.PORT = process.env.PORT || '8081';","        console.error('server starting on port ' + process.env.PORT);","        local.http.createServer(function (request, response) {","            request.urlParsed = local.url.parse(request.url);","            if (local.assetsDict[request.urlParsed.pathname] !== undefined) {","                response.end(local.assetsDict[request.urlParsed.pathname]);","                return;","            }","            response.statusCode = 404;","            response.end();","        }).listen(process.env.PORT);","        break;","    }","}());",""],"l":{"26":2,"28":2,"33":2,"35":2,"37":2,"38":2,"39":2,"44":1,"51":2,"55":2,"59":2,"61":2,"69":1,"70":2,"76":2,"79":2,"82":2,"83":2,"85":1,"89":2,"92":1,"93":1,"94":1,"96":1,"97":1,"100":1,"101":1,"103":1,"106":1,"108":2,"114":1,"116":1,"118":1,"123":1,"124":2,"125":2,"126":3,"127":3,"128":3,"129":3,"130":1,"133":3,"134":3,"139":3,"143":1,"144":3,"145":1,"149":1,"150":1,"158":1,"160":1,"161":1,"162":1,"164":1,"166":1,"258":1,"259":1,"271":1,"274":6,"275":6,"277":1,"279":2,"281":1,"283":2,"288":1,"289":1,"291":1,"296":1,"303":1,"306":1,"307":1,"310":1,"311":1,"313":1,"314":1,"315":1,"316":1,"317":1,"318":1,"319":1,"321":1,"322":1,"324":1}},"/home/travis/build/npmtest/node-npmtest-coinbase-exchange/node_modules/coinbase-exchange/index.js":{"path":"/home/travis/build/npmtest/node-npmtest-coinbase-exchange/node_modules/coinbase-exchange/index.js","s":{"1":1,"2":1,"3":1,"4":1,"5":1,"6":1},"b":{},"f":{},"fnMap":{},"statementMap":{"1":{"start":{"line":1,"column":0},"end":{"line":1,"column":61}},"2":{"start":{"line":2,"column":0},"end":{"line":2,"column":64}},"3":{"start":{"line":3,"column":0},"end":{"line":3,"column":68}},"4":{"start":{"line":4,"column":0},"end":{"line":4,"column":56}},"5":{"start":{"line":5,"column":0},"end":{"line":5,"column":61}},"6":{"start":{"line":7,"column":0},"end":{"line":13,"column":2}}},"branchMap":{},"code":["var PublicClient        = require('./lib/clients/public.js');","var WebsocketClient     = require('./lib/clients/websocket.js');","var AuthenticatedClient = require('./lib/clients/authenticated.js');","var Orderbook           = require('./lib/orderbook.js');","var OrderbookSync       = require('./lib/orderbook_sync.js');","","module.exports = exports = {","  'PublicClient'       : PublicClient,","  'WebsocketClient'    : WebsocketClient,","  'AuthenticatedClient': AuthenticatedClient,","  'Orderbook'          : Orderbook,","  'OrderbookSync'      : OrderbookSync,","};",""],"l":{"1":1,"2":1,"3":1,"4":1,"5":1,"7":1}},"/home/travis/build/npmtest/node-npmtest-coinbase-exchange/node_modules/coinbase-exchange/lib/clients/public.js":{"path":"/home/travis/build/npmtest/node-npmtest-coinbase-exchange/node_modules/coinbase-exchange/lib/clients/public.js","s":{"1":1,"2":1,"3":1,"4":1,"5":0,"6":0,"7":0,"8":1,"9":1,"10":1,"11":1,"12":0,"13":0,"14":1,"15":0,"16":1,"17":0,"18":1,"19":0,"20":0,"21":0,"22":0,"23":0,"24":1,"25":0,"26":0,"27":0,"28":0,"29":0,"30":0,"31":0,"32":0,"33":0,"34":0,"35":1,"36":4,"37":1,"38":0,"39":0,"40":1,"41":0,"42":0,"43":0,"44":0,"45":0,"46":0,"47":0,"48":1,"49":0,"50":0,"51":1,"52":0,"53":0,"54":0,"55":0,"56":0,"57":0,"58":0,"59":1,"60":0,"61":0,"62":0,"63":0,"64":0,"65":0,"66":0,"67":0,"68":0,"69":0,"70":0,"71":0,"72":1,"73":0,"74":0,"75":0,"76":0,"77":0,"78":0,"79":0,"80":0,"81":0,"82":0,"83":0,"84":0,"85":0,"86":0,"87":0,"88":0,"89":0,"90":0,"91":0,"92":0,"93":0,"94":0,"95":0,"96":0,"97":0,"98":1,"99":0,"100":0,"101":0,"102":0,"103":0,"104":0,"105":0,"106":1,"107":0,"108":0,"109":1,"110":0,"111":0,"112":1,"113":0,"114":0,"115":1},"b":{"1":[0,0],"2":[0,0],"3":[0,0],"4":[0,0],"5":[0,0],"6":[0,0],"7":[0,0],"8":[0,0],"9":[0,0],"10":[0,0],"11":[0,0],"12":[0,0],"13":[0,0],"14":[0,0],"15":[0,0],"16":[0,0],"17":[0,0],"18":[0,0],"19":[0,0],"20":[0,0],"21":[0,0],"22":[0,0],"23":[0,0],"24":[0,0],"25":[0,0],"26":[0,0]},"f":{"1":0,"2":1,"3":0,"4":0,"5":0,"6":0,"7":0,"8":0,"9":4,"10":0,"11":0,"12":0,"13":0,"14":0,"15":0,"16":0,"17":0,"18":0,"19":0,"20":0,"21":0,"22":0},"fnMap":{"1":{"name":"(anonymous_1)","line":10,"loc":{"start":{"line":10,"column":19},"end":{"line":10,"column":47}}},"2":{"name":"(anonymous_2)","line":18,"loc":{"start":{"line":18,"column":37},"end":{"line":18,"column":48}}},"3":{"name":"(anonymous_3)","line":21,"loc":{"start":{"line":21,"column":25},"end":{"line":21,"column":51}}},"4":{"name":"(anonymous_4)","line":30,"loc":{"start":{"line":30,"column":30},"end":{"line":30,"column":46}}},"5":{"name":"(anonymous_5)","line":34,"loc":{"start":{"line":34,"column":30},"end":{"line":34,"column":52}}},"6":{"name":"(anonymous_6)","line":38,"loc":{"start":{"line":38,"column":34},"end":{"line":38,"column":53}}},"7":{"name":"(anonymous_7)","line":39,"loc":{"start":{"line":39,"column":11},"end":{"line":39,"column":41}}},"8":{"name":"(anonymous_8)","line":49,"loc":{"start":{"line":49,"column":22},"end":{"line":49,"column":65}}},"9":{"name":"(anonymous_9)","line":67,"loc":{"start":{"line":67,"column":46},"end":{"line":67,"column":63}}},"10":{"name":"(anonymous_10)","line":71,"loc":{"start":{"line":71,"column":26},"end":{"line":71,"column":45}}},"11":{"name":"(anonymous_11)","line":76,"loc":{"start":{"line":76,"column":34},"end":{"line":76,"column":59}}},"12":{"name":"(anonymous_12)","line":90,"loc":{"start":{"line":90,"column":31},"end":{"line":90,"column":50}}},"13":{"name":"(anonymous_13)","line":95,"loc":{"start":{"line":95,"column":31},"end":{"line":95,"column":56}}},"14":{"name":"(anonymous_14)","line":108,"loc":{"start":{"line":108,"column":36},"end":{"line":108,"column":67}}},"15":{"name":"(anonymous_15)","line":120,"loc":{"start":{"line":120,"column":15},"end":{"line":120,"column":26}}},"16":{"name":"fetchTrades","line":130,"loc":{"start":{"line":130,"column":2},"end":{"line":130,"column":70}}},"17":{"name":"(anonymous_17)","line":141,"loc":{"start":{"line":141,"column":47},"end":{"line":141,"column":73}}},"18":{"name":"(anonymous_18)","line":149,"loc":{"start":{"line":149,"column":19},"end":{"line":149,"column":30}}},"19":{"name":"(anonymous_19)","line":177,"loc":{"start":{"line":177,"column":38},"end":{"line":177,"column":63}}},"20":{"name":"(anonymous_20)","line":190,"loc":{"start":{"line":190,"column":34},"end":{"line":190,"column":53}}},"21":{"name":"(anonymous_21)","line":195,"loc":{"start":{"line":195,"column":28},"end":{"line":195,"column":47}}},"22":{"name":"(anonymous_22)","line":200,"loc":{"start":{"line":200,"column":22},"end":{"line":200,"column":41}}}},"statementMap":{"1":{"start":{"line":1,"column":0},"end":{"line":1,"column":33}},"2":{"start":{"line":2,"column":0},"end":{"line":6,"column":2}},"3":{"start":{"line":8,"column":0},"end":{"line":8,"column":42}},"4":{"start":{"line":10,"column":0},"end":{"line":14,"column":2}},"5":{"start":{"line":11,"column":2},"end":{"line":11,"column":18}},"6":{"start":{"line":12,"column":2},"end":{"line":12,"column":42}},"7":{"start":{"line":13,"column":2},"end":{"line":13,"column":49}},"8":{"start":{"line":16,"column":0},"end":{"line":16,"column":20}},"9":{"start":{"line":18,"column":0},"end":{"line":204,"column":3}},"10":{"start":{"line":19,"column":2},"end":{"line":19,"column":23}},"11":{"start":{"line":21,"column":2},"end":{"line":28,"column":4}},"12":{"start":{"line":22,"column":4},"end":{"line":22,"column":36}},"13":{"start":{"line":23,"column":4},"end":{"line":27,"column":19}},"14":{"start":{"line":30,"column":2},"end":{"line":32,"column":4}},"15":{"start":{"line":31,"column":4},"end":{"line":31,"column":33}},"16":{"start":{"line":34,"column":2},"end":{"line":36,"column":4}},"17":{"start":{"line":35,"column":4},"end":{"line":35,"column":37}},"18":{"start":{"line":38,"column":2},"end":{"line":47,"column":4}},"19":{"start":{"line":39,"column":4},"end":{"line":46,"column":6}},"20":{"start":{"line":40,"column":6},"end":{"line":44,"column":7}},"21":{"start":{"line":41,"column":8},"end":{"line":41,"column":32}},"22":{"start":{"line":43,"column":8},"end":{"line":43,"column":19}},"23":{"start":{"line":45,"column":6},"end":{"line":45,"column":36}},"24":{"start":{"line":49,"column":2},"end":{"line":65,"column":4}},"25":{"start":{"line":50,"column":4},"end":{"line":50,"column":20}},"26":{"start":{"line":51,"column":4},"end":{"line":51,"column":22}},"27":{"start":{"line":52,"column":4},"end":{"line":55,"column":5}},"28":{"start":{"line":53,"column":6},"end":{"line":53,"column":22}},"29":{"start":{"line":54,"column":6},"end":{"line":54,"column":16}},"30":{"start":{"line":56,"column":4},"end":{"line":58,"column":5}},"31":{"start":{"line":57,"column":6},"end":{"line":57,"column":37}},"32":{"start":{"line":59,"column":4},"end":{"line":62,"column":7}},"33":{"start":{"line":63,"column":4},"end":{"line":63,"column":26}},"34":{"start":{"line":64,"column":4},"end":{"line":64,"column":54}},"35":{"start":{"line":67,"column":2},"end":{"line":69,"column":5}},"36":{"start":{"line":68,"column":4},"end":{"line":68,"column":61}},"37":{"start":{"line":71,"column":2},"end":{"line":74,"column":4}},"38":{"start":{"line":72,"column":4},"end":{"line":72,"column":20}},"39":{"start":{"line":73,"column":4},"end":{"line":73,"column":60}},"40":{"start":{"line":76,"column":2},"end":{"line":88,"column":4}},"41":{"start":{"line":77,"column":4},"end":{"line":77,"column":20}},"42":{"start":{"line":79,"column":4},"end":{"line":79,"column":21}},"43":{"start":{"line":80,"column":4},"end":{"line":83,"column":5}},"44":{"start":{"line":81,"column":6},"end":{"line":81,"column":22}},"45":{"start":{"line":82,"column":6},"end":{"line":82,"column":16}},"46":{"start":{"line":85,"column":4},"end":{"line":85,"column":30}},"47":{"start":{"line":86,"column":4},"end":{"line":87,"column":68}},"48":{"start":{"line":90,"column":2},"end":{"line":93,"column":4}},"49":{"start":{"line":91,"column":4},"end":{"line":91,"column":20}},"50":{"start":{"line":92,"column":4},"end":{"line":92,"column":86}},"51":{"start":{"line":95,"column":2},"end":{"line":106,"column":4}},"52":{"start":{"line":96,"column":4},"end":{"line":96,"column":20}},"53":{"start":{"line":98,"column":4},"end":{"line":98,"column":21}},"54":{"start":{"line":99,"column":4},"end":{"line":102,"column":5}},"55":{"start":{"line":100,"column":6},"end":{"line":100,"column":22}},"56":{"start":{"line":101,"column":6},"end":{"line":101,"column":16}},"57":{"start":{"line":104,"column":4},"end":{"line":104,"column":28}},"58":{"start":{"line":105,"column":4},"end":{"line":105,"column":92}},"59":{"start":{"line":108,"column":2},"end":{"line":128,"column":3}},"60":{"start":{"line":109,"column":4},"end":{"line":109,"column":20}},"61":{"start":{"line":110,"column":4},"end":{"line":110,"column":26}},"62":{"start":{"line":112,"column":4},"end":{"line":115,"column":5}},"63":{"start":{"line":113,"column":6},"end":{"line":113,"column":28}},"64":{"start":{"line":114,"column":6},"end":{"line":114,"column":22}},"65":{"start":{"line":117,"column":4},"end":{"line":117,"column":46}},"66":{"start":{"line":118,"column":4},"end":{"line":118,"column":24}},"67":{"start":{"line":120,"column":4},"end":{"line":125,"column":6}},"68":{"start":{"line":121,"column":6},"end":{"line":124,"column":7}},"69":{"start":{"line":122,"column":8},"end":{"line":122,"column":23}},"70":{"start":{"line":123,"column":8},"end":{"line":123,"column":67}},"71":{"start":{"line":127,"column":4},"end":{"line":127,"column":14}},"72":{"start":{"line":130,"column":2},"end":{"line":175,"column":3}},"73":{"start":{"line":131,"column":4},"end":{"line":131,"column":43}},"74":{"start":{"line":132,"column":4},"end":{"line":132,"column":20}},"75":{"start":{"line":134,"column":4},"end":{"line":137,"column":5}},"76":{"start":{"line":135,"column":6},"end":{"line":135,"column":23}},"77":{"start":{"line":136,"column":6},"end":{"line":136,"column":19}},"78":{"start":{"line":139,"column":4},"end":{"line":139,"column":70}},"79":{"start":{"line":141,"column":4},"end":{"line":174,"column":7}},"80":{"start":{"line":142,"column":6},"end":{"line":145,"column":7}},"81":{"start":{"line":143,"column":8},"end":{"line":143,"column":34}},"82":{"start":{"line":144,"column":8},"end":{"line":144,"column":15}},"83":{"start":{"line":147,"column":6},"end":{"line":153,"column":7}},"84":{"start":{"line":149,"column":8},"end":{"line":151,"column":16}},"85":{"start":{"line":150,"column":10},"end":{"line":150,"column":69}},"86":{"start":{"line":152,"column":8},"end":{"line":152,"column":15}},"87":{"start":{"line":155,"column":6},"end":{"line":157,"column":7}},"88":{"start":{"line":156,"column":8},"end":{"line":156,"column":86}},"89":{"start":{"line":159,"column":6},"end":{"line":166,"column":7}},"90":{"start":{"line":160,"column":8},"end":{"line":163,"column":9}},"91":{"start":{"line":161,"column":10},"end":{"line":161,"column":28}},"92":{"start":{"line":162,"column":10},"end":{"line":162,"column":17}},"93":{"start":{"line":165,"column":8},"end":{"line":165,"column":29}},"94":{"start":{"line":168,"column":6},"end":{"line":171,"column":7}},"95":{"start":{"line":169,"column":8},"end":{"line":169,"column":26}},"96":{"start":{"line":170,"column":8},"end":{"line":170,"column":15}},"97":{"start":{"line":173,"column":6},"end":{"line":173,"column":77}},"98":{"start":{"line":177,"column":2},"end":{"line":188,"column":4}},"99":{"start":{"line":178,"column":4},"end":{"line":178,"column":20}},"100":{"start":{"line":180,"column":4},"end":{"line":180,"column":21}},"101":{"start":{"line":181,"column":4},"end":{"line":184,"column":5}},"102":{"start":{"line":182,"column":6},"end":{"line":182,"column":22}},"103":{"start":{"line":183,"column":6},"end":{"line":183,"column":16}},"104":{"start":{"line":186,"column":4},"end":{"line":186,"column":28}},"105":{"start":{"line":187,"column":4},"end":{"line":187,"column":93}},"106":{"start":{"line":190,"column":2},"end":{"line":193,"column":4}},"107":{"start":{"line":191,"column":4},"end":{"line":191,"column":20}},"108":{"start":{"line":192,"column":4},"end":{"line":192,"column":85}},"109":{"start":{"line":195,"column":2},"end":{"line":198,"column":4}},"110":{"start":{"line":196,"column":4},"end":{"line":196,"column":20}},"111":{"start":{"line":197,"column":4},"end":{"line":197,"column":62}},"112":{"start":{"line":200,"column":2},"end":{"line":203,"column":4}},"113":{"start":{"line":201,"column":4},"end":{"line":201,"column":20}},"114":{"start":{"line":202,"column":4},"end":{"line":202,"column":56}},"115":{"start":{"line":206,"column":0},"end":{"line":206,"column":40}}},"branchMap":{"1":{"line":12,"type":"binary-expr","locations":[{"start":{"line":12,"column":19},"end":{"line":12,"column":28}},{"start":{"line":12,"column":32},"end":{"line":12,"column":41}}]},"2":{"line":13,"type":"binary-expr","locations":[{"start":{"line":13,"column":16},"end":{"line":13,"column":22}},{"start":{"line":13,"column":26},"end":{"line":13,"column":48}}]},"3":{"line":22,"type":"binary-expr","locations":[{"start":{"line":22,"column":18},"end":{"line":22,"column":29}},{"start":{"line":22,"column":33},"end":{"line":22,"column":35}}]},"4":{"line":51,"type":"binary-expr","locations":[{"start":{"line":51,"column":11},"end":{"line":51,"column":15}},{"start":{"line":51,"column":19},"end":{"line":51,"column":21}}]},"5":{"line":52,"type":"if","locations":[{"start":{"line":52,"column":4},"end":{"line":52,"column":4}},{"start":{"line":52,"column":4},"end":{"line":52,"column":4}}]},"6":{"line":52,"type":"binary-expr","locations":[{"start":{"line":52,"column":8},"end":{"line":52,"column":17}},{"start":{"line":52,"column":22},"end":{"line":52,"column":48}}]},"7":{"line":56,"type":"if","locations":[{"start":{"line":56,"column":4},"end":{"line":56,"column":4}},{"start":{"line":56,"column":4},"end":{"line":56,"column":4}}]},"8":{"line":79,"type":"binary-expr","locations":[{"start":{"line":79,"column":11},"end":{"line":79,"column":15}},{"start":{"line":79,"column":19},"end":{"line":79,"column":21}}]},"9":{"line":80,"type":"if","locations":[{"start":{"line":80,"column":4},"end":{"line":80,"column":4}},{"start":{"line":80,"column":4},"end":{"line":80,"column":4}}]},"10":{"line":80,"type":"binary-expr","locations":[{"start":{"line":80,"column":8},"end":{"line":80,"column":17}},{"start":{"line":80,"column":22},"end":{"line":80,"column":48}}]},"11":{"line":98,"type":"binary-expr","locations":[{"start":{"line":98,"column":11},"end":{"line":98,"column":15}},{"start":{"line":98,"column":19},"end":{"line":98,"column":21}}]},"12":{"line":99,"type":"if","locations":[{"start":{"line":99,"column":4},"end":{"line":99,"column":4}},{"start":{"line":99,"column":4},"end":{"line":99,"column":4}}]},"13":{"line":99,"type":"binary-expr","locations":[{"start":{"line":99,"column":8},"end":{"line":99,"column":17}},{"start":{"line":99,"column":22},"end":{"line":99,"column":48}}]},"14":{"line":112,"type":"if","locations":[{"start":{"line":112,"column":4},"end":{"line":112,"column":4}},{"start":{"line":112,"column":4},"end":{"line":112,"column":4}}]},"15":{"line":121,"type":"if","locations":[{"start":{"line":121,"column":6},"end":{"line":121,"column":6}},{"start":{"line":121,"column":6},"end":{"line":121,"column":6}}]},"16":{"line":134,"type":"if","locations":[{"start":{"line":134,"column":4},"end":{"line":134,"column":4}},{"start":{"line":134,"column":4},"end":{"line":134,"column":4}}]},"17":{"line":134,"type":"binary-expr","locations":[{"start":{"line":134,"column":8},"end":{"line":134,"column":16}},{"start":{"line":134,"column":20},"end":{"line":134,"column":37}}]},"18":{"line":142,"type":"if","locations":[{"start":{"line":142,"column":6},"end":{"line":142,"column":6}},{"start":{"line":142,"column":6},"end":{"line":142,"column":6}}]},"19":{"line":147,"type":"if","locations":[{"start":{"line":147,"column":6},"end":{"line":147,"column":6}},{"start":{"line":147,"column":6},"end":{"line":147,"column":6}}]},"20":{"line":155,"type":"if","locations":[{"start":{"line":155,"column":6},"end":{"line":155,"column":6}},{"start":{"line":155,"column":6},"end":{"line":155,"column":6}}]},"21":{"line":160,"type":"if","locations":[{"start":{"line":160,"column":8},"end":{"line":160,"column":8}},{"start":{"line":160,"column":8},"end":{"line":160,"column":8}}]},"22":{"line":160,"type":"binary-expr","locations":[{"start":{"line":160,"column":12},"end":{"line":160,"column":22}},{"start":{"line":160,"column":26},"end":{"line":160,"column":45}}]},"23":{"line":168,"type":"if","locations":[{"start":{"line":168,"column":6},"end":{"line":168,"column":6}},{"start":{"line":168,"column":6},"end":{"line":168,"column":6}}]},"24":{"line":180,"type":"binary-expr","locations":[{"start":{"line":180,"column":11},"end":{"line":180,"column":15}},{"start":{"line":180,"column":19},"end":{"line":180,"column":21}}]},"25":{"line":181,"type":"if","locations":[{"start":{"line":181,"column":4},"end":{"line":181,"column":4}},{"start":{"line":181,"column":4},"end":{"line":181,"column":4}}]},"26":{"line":181,"type":"binary-expr","locations":[{"start":{"line":181,"column":8},"end":{"line":181,"column":17}},{"start":{"line":181,"column":22},"end":{"line":181,"column":48}}]}},"code":["var request = require('request');","var _ = {","  'forEach': require('lodash.foreach'),","  'assign': require('lodash.assign'),","  'partial': require('lodash.partial'),","};","","var Readable = require('stream').Readable;","","var PublicClient = function(productID, apiURI) {","  var self = this;","  self.productID = productID || 'BTC-USD';","  self.apiURI = apiURI || 'https://api.gdax.com';","};","","var API_LIMIT = 100;","","_.assign(PublicClient.prototype, new function() {","  var prototype = this;","","  prototype.addHeaders = function(obj, additional) {","    obj.headers = obj.headers || {};","    return _.assign(obj.headers, {","      'User-Agent': 'coinbase-node-client',","      'Accept': 'application/json',","      'Content-Type': 'application/json',","    }, additional);","  };","","  prototype.makeRelativeURI = function(parts) {","    return '/' + parts.join('/');","  };","","  prototype.makeAbsoluteURI = function(relativeURI) {","    return this.apiURI + relativeURI;","  };","","  prototype.makeRequestCallback = function(callback) {","    return function(err, response, data) {","      try {","        data = JSON.parse(data);","      } catch (e) {","        data = null","      }","      callback(err, response, data);","    };","  };","","  prototype.request = function(method, uriParts, opts, callback) {","    var self = this;","    opts = opts || {};","    if (!callback && (typeof opts === 'function')) {","      callback = opts;","      opts = {};","    }","    if (!callback) {","      throw \"Must supply a callback.\"","    }","    _.assign(opts, {","      'method': method.toUpperCase(),","      'uri': self.makeAbsoluteURI(self.makeRelativeURI(uriParts)),","    });","    self.addHeaders(opts);","    request(opts, self.makeRequestCallback(callback));","  };","","  _.forEach(['get', 'post', 'put', 'delete'], function(method) {","    prototype[method] = _.partial(prototype.request, method);","  });","","  prototype.getProducts = function(callback) {","    var self = this;","    return prototype.get.call(self, ['products'], callback);","  };","","  prototype.getProductOrderBook = function(args, callback) {","    var self = this;","","    args = args || {}","    if (!callback && (typeof args === 'function')) {","      callback = args;","      args = {};","    }","","    var opts = { 'qs': args };","    return prototype.get.call(","        self, ['products', self.productID, 'book'], opts, callback);","  };","","  prototype.getProductTicker = function(callback) {","    var self = this;","    return prototype.get.call(self, ['products', self.productID, 'ticker'], callback);","  };","","  prototype.getProductTrades = function(args, callback) {","    var self = this;","","    args = args || {}","    if (!callback && (typeof args === 'function')) {","      callback = args;","      args = {};","    }","","    var opts = {'qs': args};","    return prototype.get.call(self, ['products', self.productID, 'trades'], opts, callback);","  };","","  prototype.getProductTradeStream = function(tradesFrom, tradesTo) {","    var self = this;","    var shouldStop = null;","","    if (typeof tradesTo === 'function') {","      shouldStop = tradesTo;","      tradesTo = null;","    }","","    var rs = new Readable({objectMode: true});","    var started = false;","","    rs._read = function() {","      if (!started) {","        started = true;","        fetchTrades(self, rs, tradesFrom, tradesTo, shouldStop, 0);","      }","    };","","    return rs;","  }","","  function fetchTrades(ctx, stream, tradesFrom, tradesTo, shouldStop) {","    var after = tradesFrom + API_LIMIT + 1;","    var loop = true;","","    if (tradesTo && tradesTo <= after) {","      after = tradesTo;","      loop = false;","    }","","    var opts = { before: tradesFrom, after: after, limit: API_LIMIT };","","    prototype.getProductTrades.call(ctx, opts, function(err, resp, data) {","      if (err) {","        stream.emit('error', err);","        return;","      }","","      if (resp.statusCode === 429) {","        // rate-limited, try again","        setTimeout(function() {","          fetchTrades(ctx, stream, tradesFrom, tradesTo, shouldStop);","        }, 900);","        return;","      }","","      if (resp.statusCode !== 200) {","        stream.emit('error', new Error('Encountered status code ' + resp.statusCode));","      }","","      for (var i = data.length - 1; i >= 0; i--) {","        if (shouldStop && shouldStop(data[i])) {","          stream.push(null);","          return;","        }","","        stream.push(data[i]);","      }","","      if (!loop) {","        stream.push(null);","        return;","      }","","      fetchTrades(ctx, stream, tradesFrom + API_LIMIT, tradesTo, shouldStop);","    });","  }","","  prototype.getProductHistoricRates = function(args, callback) {","    var self = this;","","    args = args || {}","    if (!callback && (typeof args === 'function')) {","      callback = args;","      args = {};","    }","","    var opts = {'qs': args};","    return prototype.get.call(self, ['products', self.productID, 'candles'], opts, callback);","  };","","  prototype.getProduct24HrStats = function(callback) {","    var self = this;","    return prototype.get.call(self, ['products', self.productID, 'stats'], callback);","  };","","  prototype.getCurrencies = function(callback) {","    var self = this;","    return prototype.get.call(self, ['currencies'], callback);","  };","","  prototype.getTime = function(callback) {","    var self = this;","    return prototype.get.call(self, ['time'], callback);","  };","});","","module.exports = exports = PublicClient;",""],"l":{"1":1,"2":1,"8":1,"10":1,"11":0,"12":0,"13":0,"16":1,"18":1,"19":1,"21":1,"22":0,"23":0,"30":1,"31":0,"34":1,"35":0,"38":1,"39":0,"40":0,"41":0,"43":0,"45":0,"49":1,"50":0,"51":0,"52":0,"53":0,"54":0,"56":0,"57":0,"59":0,"63":0,"64":0,"67":1,"68":4,"71":1,"72":0,"73":0,"76":1,"77":0,"79":0,"80":0,"81":0,"82":0,"85":0,"86":0,"90":1,"91":0,"92":0,"95":1,"96":0,"98":0,"99":0,"100":0,"101":0,"104":0,"105":0,"108":1,"109":0,"110":0,"112":0,"113":0,"114":0,"117":0,"118":0,"120":0,"121":0,"122":0,"123":0,"127":0,"130":1,"131":0,"132":0,"134":0,"135":0,"136":0,"139":0,"141":0,"142":0,"143":0,"144":0,"147":0,"149":0,"150":0,"152":0,"155":0,"156":0,"159":0,"160":0,"161":0,"162":0,"165":0,"168":0,"169":0,"170":0,"173":0,"177":1,"178":0,"180":0,"181":0,"182":0,"183":0,"186":0,"187":0,"190":1,"191":0,"192":0,"195":1,"196":0,"197":0,"200":1,"201":0,"202":0,"206":1}},"/home/travis/build/npmtest/node-npmtest-coinbase-exchange/node_modules/coinbase-exchange/lib/clients/websocket.js":{"path":"/home/travis/build/npmtest/node-npmtest-coinbase-exchange/node_modules/coinbase-exchange/lib/clients/websocket.js","s":{"1":1,"2":1,"3":1,"4":1,"5":1,"6":0,"7":0,"8":0,"9":0,"10":0,"11":1,"12":1,"13":1,"14":1,"15":0,"16":0,"17":0,"18":0,"19":0,"20":0,"21":0,"22":1,"23":0,"24":0,"25":0,"26":0,"27":1,"28":0,"29":0,"30":0,"31":0,"32":0,"33":0,"34":1,"35":0,"36":0,"37":0,"38":0,"39":1,"40":0,"41":0,"42":1},"b":{"1":[0,0],"2":[0,0],"3":[0,0],"4":[0,0]},"f":{"1":0,"2":1,"3":0,"4":0,"5":0,"6":0,"7":0,"8":0},"fnMap":{"1":{"name":"(anonymous_1)","line":6,"loc":{"start":{"line":6,"column":22},"end":{"line":6,"column":56}}},"2":{"name":"(anonymous_2)","line":16,"loc":{"start":{"line":16,"column":40},"end":{"line":16,"column":51}}},"3":{"name":"(anonymous_3)","line":19,"loc":{"start":{"line":19,"column":22},"end":{"line":19,"column":33}}},"4":{"name":"(anonymous_4)","line":33,"loc":{"start":{"line":33,"column":25},"end":{"line":33,"column":36}}},"5":{"name":"(anonymous_5)","line":43,"loc":{"start":{"line":43,"column":21},"end":{"line":43,"column":32}}},"6":{"name":"(anonymous_6)","line":53,"loc":{"start":{"line":53,"column":30},"end":{"line":53,"column":40}}},"7":{"name":"(anonymous_7)","line":59,"loc":{"start":{"line":59,"column":22},"end":{"line":59,"column":33}}},"8":{"name":"(anonymous_8)","line":66,"loc":{"start":{"line":66,"column":24},"end":{"line":66,"column":39}}}},"statementMap":{"1":{"start":{"line":1,"column":0},"end":{"line":1,"column":50}},"2":{"start":{"line":2,"column":0},"end":{"line":2,"column":30}},"3":{"start":{"line":3,"column":0},"end":{"line":3,"column":27}},"4":{"start":{"line":4,"column":0},"end":{"line":4,"column":44}},"5":{"start":{"line":6,"column":0},"end":{"line":12,"column":2}},"6":{"start":{"line":7,"column":2},"end":{"line":7,"column":18}},"7":{"start":{"line":8,"column":2},"end":{"line":8,"column":42}},"8":{"start":{"line":9,"column":2},"end":{"line":9,"column":63}},"9":{"start":{"line":10,"column":2},"end":{"line":10,"column":26}},"10":{"start":{"line":11,"column":2},"end":{"line":11,"column":17}},"11":{"start":{"line":14,"column":0},"end":{"line":14,"column":45}},"12":{"start":{"line":16,"column":0},"end":{"line":70,"column":3}},"13":{"start":{"line":17,"column":2},"end":{"line":17,"column":23}},"14":{"start":{"line":19,"column":2},"end":{"line":31,"column":4}},"15":{"start":{"line":20,"column":4},"end":{"line":20,"column":20}},"16":{"start":{"line":22,"column":4},"end":{"line":24,"column":5}},"17":{"start":{"line":23,"column":6},"end":{"line":23,"column":26}},"18":{"start":{"line":26,"column":4},"end":{"line":26,"column":51}},"19":{"start":{"line":28,"column":4},"end":{"line":28,"column":57}},"20":{"start":{"line":29,"column":4},"end":{"line":29,"column":51}},"21":{"start":{"line":30,"column":4},"end":{"line":30,"column":53}},"22":{"start":{"line":33,"column":2},"end":{"line":41,"column":4}},"23":{"start":{"line":34,"column":4},"end":{"line":34,"column":20}},"24":{"start":{"line":36,"column":4},"end":{"line":38,"column":5}},"25":{"start":{"line":37,"column":6},"end":{"line":37,"column":50}},"26":{"start":{"line":40,"column":4},"end":{"line":40,"column":24}},"27":{"start":{"line":43,"column":2},"end":{"line":57,"column":4}},"28":{"start":{"line":44,"column":4},"end":{"line":44,"column":20}},"29":{"start":{"line":45,"column":4},"end":{"line":45,"column":22}},"30":{"start":{"line":46,"column":4},"end":{"line":49,"column":6}},"31":{"start":{"line":50,"column":4},"end":{"line":50,"column":55}},"32":{"start":{"line":53,"column":4},"end":{"line":55,"column":14}},"33":{"start":{"line":54,"column":6},"end":{"line":54,"column":36}},"34":{"start":{"line":59,"column":2},"end":{"line":64,"column":4}},"35":{"start":{"line":60,"column":4},"end":{"line":60,"column":20}},"36":{"start":{"line":61,"column":4},"end":{"line":61,"column":31}},"37":{"start":{"line":62,"column":4},"end":{"line":62,"column":23}},"38":{"start":{"line":63,"column":4},"end":{"line":63,"column":23}},"39":{"start":{"line":66,"column":2},"end":{"line":69,"column":4}},"40":{"start":{"line":67,"column":4},"end":{"line":67,"column":20}},"41":{"start":{"line":68,"column":4},"end":{"line":68,"column":43}},"42":{"start":{"line":72,"column":0},"end":{"line":72,"column":43}}},"branchMap":{"1":{"line":8,"type":"binary-expr","locations":[{"start":{"line":8,"column":19},"end":{"line":8,"column":28}},{"start":{"line":8,"column":32},"end":{"line":8,"column":41}}]},"2":{"line":9,"type":"binary-expr","locations":[{"start":{"line":9,"column":22},"end":{"line":9,"column":34}},{"start":{"line":9,"column":38},"end":{"line":9,"column":62}}]},"3":{"line":22,"type":"if","locations":[{"start":{"line":22,"column":4},"end":{"line":22,"column":4}},{"start":{"line":22,"column":4},"end":{"line":22,"column":4}}]},"4":{"line":36,"type":"if","locations":[{"start":{"line":36,"column":4},"end":{"line":36,"column":4}},{"start":{"line":36,"column":4},"end":{"line":36,"column":4}}]}},"code":["var EventEmitter = require('events').EventEmitter;","var Websocket = require('ws');","var util = require('util');","var _  = {assign: require('lodash.assign')};","","var WebsocketClient = function(productID, websocketURI) {","  var self = this;","  self.productID = productID || 'BTC-USD';","  self.websocketURI = websocketURI || 'wss://ws-feed.gdax.com';","  EventEmitter.call(self);","  self.connect();","};","","util.inherits(WebsocketClient
[...]
ine":132,"column":41}},"63":{"start":{"line":133,"column":4},"end":{"line":133,"column":41}},"64":{"start":{"line":134,"column":4},"end":{"line":134,"column":17}},"65":{"start":{"line":136,"column":4},"end":{"line":136,"column":31}},"66":{"start":{"line":137,"column":4},"end":{"line":137,"column":49}},"67":{"start":{"line":139,"column":4},"end":{"line":139,"column":38}},"68":{"start":{"line":140,"column":4},"end":{"line":140,"column":39}},"69":{"start":{"line":142,"column":4},"end":{"line":142,"column":28}},"70":{"start":{"line":144,"column":4},"end":{"line":146,"column":5}},"71":{"start":{"line":145,"column":6},"end":{"line":145,"column":28}},"72":{"start":{"line":149,"column":2},"end":{"line":171,"column":4}},"73":{"start":{"line":150,"column":4},"end":{"line":150,"column":20}},"74":{"start":{"line":152,"column":4},"end":{"line":152,"column":36}},"75":{"start":{"line":153,"column":4},"end":{"line":153,"column":34}},"76":{"start":{"line":154,"column":4},"end":{"line":154,"column":41}},"77":{"start":{"line":155,"column":4},"end":{"line":155,"column":42}},"78":{"start":{"line":156,"column":4},"end":{"line":156,"column":41}},"79":{"start":{"line":158,"column":4},"end":{"line":160,"column":5}},"80":{"start":{"line":159,"column":6},"end":{"line":159,"column":13}},"81":{"start":{"line":162,"column":4},"end":{"line":162,"column":60}},"82":{"start":{"line":164,"column":4},"end":{"line":164,"column":41}},"83":{"start":{"line":165,"column":4},"end":{"line":165,"column":46}},"84":{"start":{"line":167,"column":4},"end":{"line":167,"column":35}},"85":{"start":{"line":169,"column":4},"end":{"line":169,"column":26}},"86":{"start":{"line":170,"column":4},"end":{"line":170,"column":47}},"87":{"start":{"line":176,"column":0},"end":{"line":176,"column":37}}},"branchMap":{"1":{"line":25,"type":"cond-expr","locations":[{"start":{"line":25,"column":27},"end":{"line":25,"column":37}},{"start":{"line":25,"column":40},"end":{"line":25,"column":50}}]},"2":{"line":31,"type":"if","locations":[{"start":{"line":31,"column":4},"end":{"line":31,"column":4}},{"start":{"line":31,"column":4},"end":{"line":31,"column":4}}]},"3":{"line":84,"type":"binary-expr","locations":[{"start":{"line":84,"column":10},"end":{"line":84,"column":24}},{"start":{"line":84,"column":28},"end":{"line":84,"column":36}}]},"4":{"line":87,"type":"binary-expr","locations":[{"start":{"line":87,"column":16},"end":{"line":87,"column":26}},{"start":{"line":87,"column":30},"end":{"line":87,"column":50}}]},"5":{"line":93,"type":"if","locations":[{"start":{"line":93,"column":4},"end":{"line":93,"column":4}},{"start":{"line":93,"column":4},"end":{"line":93,"column":4}}]},"6":{"line":109,"type":"if","locations":[{"start":{"line":109,"column":4},"end":{"line":109,"column":4}},{"start":{"line":109,"column":4},"end":{"line":109,"column":4}}]},"7":{"line":120,"type":"if","locations":[{"start":{"line":120,"column":4},"end":{"line":120,"column":4}},{"start":{"line":120,"column":4},"end":{"line":120,"column":4}}]},"8":{"line":144,"type":"if","locations":[{"start":{"line":144,"column":4},"end":{"line":144,"column":4}},{"start":{"line":144,"column":4},"end":{"line":144,"column":4}}]},"9":{"line":158,"type":"if","locations":[{"start":{"line":158,"column":4},"end":{"line":158,"column":4}},{"start":{"line":158,"column":4},"end":{"line":158,"column":4}}]},"10":{"line":158,"type":"binary-expr","locations":[{"start":{"line":158,"column":8},"end":{"line":158,"column":13}},{"start":{"line":158,"column":17},"end":{"line":158,"column":47}}]}},"code":["var RBTree = require('bintrees').RBTree;","var num = require('num');","var assert = require('assert');","var _ = {assign: require('lodash.assign')}","","var Orderbook = function() {","  var self = this;","","  // Orders hashed by ID","  self._ordersByID = {};","","  self._bids = new RBTree(function(a, b) {","    return a.price.cmp(b.price);","  });","","  self._asks = new RBTree(function(a, b) {","    return a.price.cmp(b.price);","  });","};","","_.assign(Orderbook.prototype, new function() {","  var prototype = this;","","  prototype._getTree = function(side) {","    return side == 'buy' ? this._bids : this._asks;","  };","","  prototype.state = function(book) {","    var self = this;","","    if (book) {","","      book.bids.forEach(function(order) {","        order = {","          id: order[2],","          side: 'buy',","          price: num(order[0]),","          size: num(order[1])","        }","        self.add(order);","      });","","      book.asks.forEach(function(order) {","        order = {","          id: order[2],","          side: 'sell',","          price: num(order[0]),","          size: num(order[1])","        }","        self.add(order);","      });","","    } else {","","      book = {","        asks: [],","        bids: []","      };","","      self._bids.reach(function(bid) {","        bid.orders.forEach(function(order) {","          book.bids.push(order);","        });","      });","","      self._asks.each(function(ask) {","        ask.orders.forEach(function(order) {","          book.asks.push(order);","        });","      });","","      return book;","    }","  };","","  prototype.get = function(orderId) {","    return this._ordersByID[orderId]","  };","","  prototype.add = function(order) {","    var self = this;","","    order = {","      id: order.order_id || order.id,","      side: order.side,","      price: num(order.price),","      size: num(order.size || order.remaining_size),","    };","","    var tree = self._getTree(order.side);","    var node = tree.find({price: order.price});","","    if (!node) {","      node = {","        price: order.price,","        orders: []","      }","      tree.insert(node);","    }","","    node.orders.push(order);","    self._ordersByID[order.id] = order;","  };","","  prototype.remove = function(orderId) {","    var self = this;","    var order = self.get(orderId);","","    if (!order) {","      return;","    }","","    var tree = self._getTree(order.side);","    var node = tree.find({price: order.price});","    assert(node);","    var orders = node.orders;","","    orders.splice(orders.indexOf(order), 1);","","    if (orders.length === 0) {","      tree.remove(node);","    }","","    delete self._ordersByID[order.id];","  };","","  prototype.match = function(match) {","    var self = this;","","    var size = num(match.size);","    var price = num(match.price);","    var tree = self._getTree(match.side);","    var node = tree.find({price: price});","    assert(node);","","    var order = node.orders[0];","    assert.equal(order.id, match.maker_order_id);","","    order.size = order.size.sub(size);","    self._ordersByID[order.id] = order;","","    assert(order.size >= 0);","","    if (order.size.eq(0)) {","      self.remove(order.id);","    }","  };","","  prototype.change = function(change) {","    var self = this;","","    var size = num(change.new_size);","    var price = num(change.price);","    var order = self.get(change.order_id)","    var tree = self._getTree(change.side);","    var node = tree.find({price: price});","","    if (!node || node.orders.indexOf(order) < 0) {","      return;","    }","","    var nodeOrder = node.orders[node.orders.indexOf(order)];","","    var newSize = parseFloat(order.size);","    var oldSize = parseFloat(change.old_size);","    ","    assert.equal(oldSize, newSize);","","    nodeOrder.size = size;","    self._ordersByID[nodeOrder.id] = nodeOrder;","  };","","});","","","module.exports = exports = Orderbook;",""],"l":{"1":1,"2":1,"3":1,"4":1,"6":1,"7":0,"10":0,"12":0,"13":0,"16":0,"17":0,"21":1,"22":1,"24":1,"25":0,"28":1,"29":0,"31":0,"33":0,"34":0,"40":0,"43":0,"44":0,"50":0,"55":0,"60":0,"61":0,"62":0,"66":0,"67":0,"68":0,"72":0,"76":1,"77":0,"80":1,"81":0,"83":0,"90":0,"91":0,"93":0,"94":0,"98":0,"101":0,"102":0,"105":1,"106":0,"107":0,"109":0,"110":0,"113":0,"114":0,"115":0,"116":0,"118":0,"120":0,"121":0,"124":0,"127":1,"128":0,"130":0,"131":0,"132":0,"133":0,"134":0,"136":0,"137":0,"139":0,"140":0,"142":0,"144":0,"145":0,"149":1,"150":0,"152":0,"153":0,"154":0,"155":0,"156":0,"158":0,"159":0,"162":0,"164":0,"165":0,"167":0,"169":0,"170":0,"176":1}},"/home/travis/build/npmtest/node-npmtest-coinbase-exchange/node_modules/coinbase-exchange/lib/orderbook_sync.js":{"path":"/home/travis/build/npmtest/node-npmtest-coinbase-exchange/node_modules/coinbase-exchange/lib/orderbook_sync.js","s":{"1":1,"2":1,"3":1,"4":1,"5":1,"6":1,"7":0,"8":0,"9":0,"10":0,"11":0,"12":0,"13":0,"14":0,"15":0,"16":1,"17":1,"18":1,"19":1,"20":0,"21":0,"22":0,"23":0,"24":0,"25":1,"26":0,"27":0,"28":0,"29":0,"30":0,"31":0,"32":0,"33":0,"34":0,"35":1,"36":0,"37":0,"38":0,"39":0,"40":0,"41":0,"42":0,"43":0,"44":0,"45":1,"46":0,"47":0,"48":0,"49":0,"50":0,"51":0,"52":0,"53":0,"54":0,"55":0,"56":0,"57":0,"58":0,"59":0,"60":0,"61":0,"62":0,"63":0,"64":0,"65":0,"66":1},"b":{"1":[0,0],"2":[0,0],"3":[0,0],"4":[0,0],"5":[0,0],"6":[0,0],"7":[0,0],"8":[0,0],"9":[0,0],"10":[0,0],"11":[0,0],"12":[0,0,0,0]},"f":{"1":0,"2":1,"3":0,"4":0,"5":0,"6":0},"fnMap":{"1":{"name":"(anonymous_1)","line":11,"loc":{"start":{"line":11,"column":20},"end":{"line":11,"column":83}}},"2":{"name":"(anonymous_2)","line":28,"loc":{"start":{"line":28,"column":38},"end":{"line":28,"column":49}}},"3":{"name":"(anonymous_3)","line":31,"loc":{"start":{"line":31,"column":24},"end":{"line":31,"column":39}}},"4":{"name":"(anonymous_4)","line":43,"loc":{"start":{"line":43,"column":28},"end":{"line":43,"column":39}}},"5":{"name":"cb","line":60,"loc":{"start":{"line":60,"column":4},"end":{"line":60,"column":37}}},"6":{"name":"(anonymous_6)","line":78,"loc":{"start":{"line":78,"column":29},"end":{"line":78,"column":44}}}},"statementMap":{"1":{"start":{"line":1,"column":0},"end":{"line":1,"column":56}},"2":{"start":{"line":2,"column":0},"end":{"line":2,"column":50}},"3":{"start":{"line":3,"column":0},"end":{"line":3,"column":42}},"4":{"start":{"line":4,"column":0},"end":{"line":4,"column":27}},"5":{"start":{"line":5,"column":0},"end":{"line":8,"column":2}},"6":{"start":{"line":11,"column":0},"end":{"line":24,"column":2}},"7":{"start":{"line":12,"column":2},"end":{"line":12,"column":18}},"8":{"start":{"line":14,"column":2},"end":{"line":14,"column":42}},"9":{"start":{"line":15,"column":2},"end":{"line":15,"column":49}},"10":{"start":{"line":16,"column":2},"end":{"line":16,"column":63}},"11":{"start":{"line":17,"column":2},"end":{"line":17,"column":49}},"12":{"start":{"line":19,"column":2},"end":{"line":19,"column":19}},"13":{"start":{"line":20,"column":2},"end":{"line":20,"column":22}},"14":{"start":{"line":22,"column":2},"end":{"line":22,"column":64}},"15":{"start":{"line":23,"column":2},"end":{"line":23,"column":23}},"16":{"start":{"line":26,"column":0},"end":{"line":26,"column":46}},"17":{"start":{"line":28,"column":0},"end":{"line":120,"column":3}},"18":{"start":{"line":29,"column":2},"end":{"line":29,"column":23}},"19":{"start":{"line":31,"column":2},"end":{"line":41,"column":4}},"20":{"start":{"line":32,"column":4},"end":{"line":32,"column":20}},"21":{"start":{"line":33,"column":4},"end":{"line":33,"column":28}},"22":{"start":{"line":35,"column":4},"end":{"line":40,"column":5}},"23":{"start":{"line":37,"column":6},"end":{"line":37,"column":29}},"24":{"start":{"line":39,"column":6},"end":{"line":39,"column":32}},"25":{"start":{"line":43,"column":2},"end":{"line":76,"column":4}},"26":{"start":{"line":44,"column":4},"end":{"line":44,"column":20}},"27":{"start":{"line":45,"column":4},"end":{"line":45,"column":22}},"28":{"start":{"line":46,"column":4},"end":{"line":46,"column":38}},"29":{"start":{"line":48,"column":4},"end":{"line":48,"column":32}},"30":{"start":{"line":50,"column":4},"end":{"line":58,"column":5}},"31":{"start":{"line":51,"column":6},"end":{"line":51,"column":77}},"32":{"start":{"line":54,"column":6},"end":{"line":56,"column":7}},"33":{"start":{"line":55,"column":8},"end":{"line":55,"column":74}},"34":{"start":{"line":57,"column":6},"end":{"line":57,"column":54}},"35":{"start":{"line":60,"column":4},"end":{"line":75,"column":5}},"36":{"start":{"line":61,"column":6},"end":{"line":63,"column":7}},"37":{"start":{"line":62,"column":8},"end":{"line":62,"column":49}},"38":{"start":{"line":65,"column":6},"end":{"line":67,"column":7}},"39":{"start":{"line":66,"column":8},"end":{"line":66,"column":65}},"40":{"start":{"line":69,"column":6},"end":{"line":69,"column":43}},"41":{"start":{"line":70,"column":6},"end":{"line":70,"column":28}},"42":{"start":{"line":72,"column":6},"end":{"line":72,"column":37}},"43":{"start":{"line":73,"column":6},"end":{"line":73,"column":61}},"44":{"start":{"line":74,"column":6},"end":{"line":74,"column":23}},"45":{"start":{"line":78,"column":2},"end":{"line":118,"column":4}},"46":{"start":{"line":79,"column":4},"end":{"line":79,"column":20}},"47":{"start":{"line":81,"column":4},"end":{"line":84,"column":5}},"48":{"start":{"line":83,"column":6},"end":{"line":83,"column":13}},"49":{"start":{"line":85,"column":4},"end":{"line":88,"column":5}},"50":{"start":{"line":87,"column":6},"end":{"line":87,"column":13}},"51":{"start":{"line":90,"column":4},"end":{"line":97,"column":5}},"52":{"start":{"line":92,"column":6},"end":{"line":92,"column":23}},"53":{"start":{"line":93,"column":6},"end":{"line":93,"column":26}},"54":{"start":{"line":95,"column":6},"end":{"line":95,"column":27}},"55":{"start":{"line":96,"column":6},"end":{"line":96,"column":13}},"56":{"start":{"line":99,"column":4},"end":{"line":99,"column":35}},"57":{"start":{"line":101,"column":4},"end":{"line":117,"column":5}},"58":{"start":{"line":103,"column":8},"end":{"line":103,"column":28}},"59":{"start":{"line":104,"column":8},"end":{"line":104,"column":14}},"60":{"start":{"line":107,"column":8},"end":{"line":107,"column":40}},"61":{"start":{"line":108,"column":8},"end":{"line":108,"column":14}},"62":{"start":{"line":111,"column":8},"end":{"line":111,"column":30}},"63":{"start":{"line":112,"column":8},"end":{"line":112,"column":14}},"64":{"start":{"line":115,"column":8},"end":{"line":115,"column":31}},"65":{"start":{"line":116,"column":8},"end":{"line":116,"column":14}},"66":{"start":{"line":122,"column":0},"end":{"line":122,"column":41}}},"branchMap":{"1":{"line":14,"type":"binary-expr","locations":[{"start":{"line":14,"column":19},"end":{"line":14,"column":28}},{"start":{"line":14,"column":32},"end":{"line":14,"column":41}}]},"2":{"line":15,"type":"binary-expr","locations":[{"start":{"line":15,"column":16},"end":{"line":15,"column":22}},{"start":{"line":15,"column":26},"end":{"line":15,"column":48}}]},"3":{"line":16,"type":"binary-expr","locations":[{"start":{"line":16,"column":22},"end":{"line":16,"column":34}},{"start":{"line":16,"column":38},"end":{"line":16,"column":62}}]},"4":{"line":35,"type":"if","locations":[{"start":{"line":35,"column":4},"end":{"line":35,"column":4}},{"start":{"line":35,"column":4},"end":{"line":35,"column":4}}]},"5":{"line":50,"type":"if","locations":[{"start":{"line":50,"column":4},"end":{"line":50,"column":4}},{"start":{"line":50,"column":4},"end":{"line":50,"column":4}}]},"6":{"line":54,"type":"if","locations":[{"start":{"line":54,"column":6},"end":{"line":54,"column":6}},{"start":{"line":54,"column":6},"end":{"line":54,"column":6}}]},"7":{"line":61,"type":"if","locations":[{"start":{"line":61,"column":6},"end":{"line":61,"column":6}},{"start":{"line":61,"column":6},"end":{"line":61,"column":6}}]},"8":{"line":65,"type":"if","locations":[{"start":{"line":65,"column":6},"end":{"line":65,"column":6}},{"start":{"line":65,"column":6},"end":{"line":65,"column":6}}]},"9":{"line":81,"type":"if","locations":[{"start":{"line":81,"column":4},"end":{"line":81,"column":4}},{"start":{"line":81,"column":4},"end":{"line":81,"column":4}}]},"10":{"line":85,"type":"if","locations":[{"start":{"line":85,"column":4},"end":{"line":85,"column":4}},{"start":{"line":85,"column":4},"end":{"line":85,"column":4}}]},"11":{"line":90,"type":"if","locations":[{"start":{"line":90,"column":4},"end":{"line":90,"column":4}},{"start":{"line":90,"column":4},"end":{"line":90,"column":4}}]},"12":{"line":101,"type":"switch","locations":[{"start":{"line":102,"column":6},"end":{"line":104,"column":14}},{"start":{"line":106,"column":6},"end":{"line":108,"column":14}},{"start":{"line":110,"column":6},"end":{"line":112,"column":14}},{"start":{"line":114,"column":6},"end":{"line":116,"column":14}}]}},"code":["var WebsocketClient = require('./clients/websocket.js');","var PublicClient = require('./clients/public.js');","var Orderbook = require('./orderbook.js');","var util = require('util');","var _ = {","  forEach: require('lodash.foreach'),","  assign: require('lodash.assign'),","};","","// Orderbook syncing","var OrderbookSync = function(productID, apiURI, websocketURI, authenticatedClient) {","  var self = this;","","  self.productID = productID || 'BTC-USD';","  self.apiURI = apiURI || 'https://api.gdax.com';","  self.websocketURI = websocketURI || 'wss://ws-feed.gdax.com';","  self.authenticatedClient = authenticatedClient;","","  self._queue = [];","  self._sequence = -1;","","  WebsocketClient.call(self, self.productID, self.websocketURI);","  self.loadOrderbook();","};","","util.inherits(OrderbookSync, WebsocketClient);","","_.assign(OrderbookSync.prototype, new function() {","  var prototype = this;","","  prototype.onMessage = function(data) {","    var self = this;","    data = JSON.parse(data);","","    if (self._sequence ===  -1) {","      // Orderbook snapshot not loaded yet","      self._queue.push(data);","    } else {","      self.processMessage(data);","    }","  };","","  prototype.loadOrderbook = function() {","    var self = this;","    var bookLevel = 3;","    var args = { 'level': bookLevel };","","    self.book = new Orderbook();","","    if (self.authenticatedClient) {","      self.authenticatedClient.getProductOrderBook(args, self.productID, cb);","    }","    else {","      if (!self.publicClient) {","        self.publicClient = new PublicClient(self.productID, self.apiURI);","      }","      self.publicClient.getProductOrderBook(args, cb);","    }","","    function cb(err, response, body) {","      if (err) {","        throw 'Failed to load orderbook: ' + err;","      }","","      if (response.statusCode !== 200) {","        throw 'Failed to load orderbook: ' + response.statusCode;","      }","","      var data = JSON.parse(response.body);","      self.book.state(data);","","      self._sequence = data.sequence;","      _.forEach(self._queue, self.processMessage.bind(self));","      self._queue = [];","    };","  };","","  prototype.processMessage = function(data) {","    var self = this;","","    if (self._sequence == -1) {","      // Resync is in process","      return;","    }","    if (data.sequence <= self._sequence) {","      // Skip this one, since it was already processed","      return;","    }","","    if (data.sequence != self._sequence + 1) {","      // Dropped a message, start a resync process","      self._queue = [];","      self._sequence = -1;","","      self.loadOrderbook();","      return;","    }","","    self._sequence = data.sequence;","","    switch (data.type) {","      case 'open':","        self.book.add(data);","        break;","","      case 'done':","        self.book.remove(data.order_id);","        break;","","      case 'match':","        self.book.match(data);","        break;","","      case 'change':","        self.book.change(data);","        break;","    }","  };","","});","","module.exports = exports = OrderbookSync;",""],"l":{"1":1,"2":1,"3":1,"4":1,"5":1,"11":1,"12":0,"14":0,"15":0,"16":0,"17":0,"19":0,"20":0,"22":0,"23":0,"26":1,"28":1,"29":1,"31":1,"32":0,"33":0,"35":0,"37":0,"39":0,"43":1,"44":0,"45":0,"46":0,"48":0,"50":0,"51":0,"54":0,"55":0,"57":0,"60":1,"61":0,"62":0,"65":0,"66":0,"69":0,"70":0,"72":0,"73":0,"74":0,"78":1,"79":0,"81":0,"83":0,"85":0,"87":0,"90":0,"92":0,"93":0,"95":0,"96":0,"99":0,"101":0,"103":0,"104":0,"107":0,"108":0,"111":0,"112":0,"115":0,"116":0,"122":1}}}